Using pre-set license
Built from '2021.3/china_unity/release' branch; Version is '2021.3.20f1c1 (7cf0fbd73406) revision 8188155'; Using compiler version '192829333'; Build Type 'Release'
OS: 'Windows 10  (10.0.19044) 64bit CoreCountrySpecific' Language: 'zh' Physical Memory: 16125 MB
BatchMode: 1, IsHumanControllingUs: 0, StartBugReporterOnCrash: 0, Is64bit: 1, IsPro: 1

COMMAND LINE ARGUMENTS:
D:\Unity Hub Editor\2021.3.20f1c1\Editor\Unity.exe
-adb2
-batchMode
-noUpm
-name
AssetImportWorker2
-projectPath
D:/Unity Projects/master/MonumentValley-LevelDesign
-logFile
Logs/AssetImportWorker2.log
-srvPort
64441
Successfully changed project path to: D:/Unity Projects/master/MonumentValley-LevelDesign
D:/Unity Projects/master/MonumentValley-LevelDesign
[UnityMemory] Configuration Parameters - Can be set up in boot.config
    "memorysetup-bucket-allocator-granularity=16"
    "memorysetup-bucket-allocator-bucket-count=8"
    "memorysetup-bucket-allocator-block-size=33554432"
    "memorysetup-bucket-allocator-block-count=8"
    "memorysetup-main-allocator-block-size=16777216"
    "memorysetup-thread-allocator-block-size=16777216"
    "memorysetup-gfx-main-allocator-block-size=16777216"
    "memorysetup-gfx-thread-allocator-block-size=16777216"
    "memorysetup-cache-allocator-block-size=4194304"
    "memorysetup-typetree-allocator-block-size=2097152"
    "memorysetup-profiler-bucket-allocator-granularity=16"
    "memorysetup-profiler-bucket-allocator-bucket-count=8"
    "memorysetup-profiler-bucket-allocator-block-size=33554432"
    "memorysetup-profiler-bucket-allocator-block-count=8"
    "memorysetup-profiler-allocator-block-size=16777216"
    "memorysetup-profiler-editor-allocator-block-size=1048576"
    "memorysetup-temp-allocator-size-main=16777216"
    "memorysetup-job-temp-allocator-block-size=2097152"
    "memorysetup-job-temp-allocator-block-size-background=1048576"
    "memorysetup-job-temp-allocator-reduction-small-platforms=262144"
    "memorysetup-temp-allocator-size-background-worker=32768"
    "memorysetup-temp-allocator-size-job-worker=262144"
    "memorysetup-temp-allocator-size-preload-manager=33554432"
    "memorysetup-temp-allocator-size-nav-mesh-worker=65536"
    "memorysetup-temp-allocator-size-audio-worker=65536"
    "memorysetup-temp-allocator-size-cloud-worker=32768"
    "memorysetup-temp-allocator-size-gi-baking-worker=262144"
    "memorysetup-temp-allocator-size-gfx=262144"
Player connection [2796] Host "[IP] 192.168.175.1 [Port] 0 [Flags] 2 [Guid] 165640682 [EditorId] 165640682 [Version] 1048832 [Id] WindowsEditor(7,DESKTOP-K16J9TC) [Debug] 1 [PackageName] WindowsEditor [ProjectName] Editor" joined multi-casting on [225.0.0.222:54997]...

Player connection [2796] Host "[IP] 192.168.175.1 [Port] 0 [Flags] 2 [Guid] 165640682 [EditorId] 165640682 [Version] 1048832 [Id] WindowsEditor(7,DESKTOP-K16J9TC) [Debug] 1 [PackageName] WindowsEditor [ProjectName] Editor" joined alternative multi-casting on [225.0.0.222:34997]...

AS: AutoStreaming module initializing.
Refreshing native plugins compatible for Editor in 41.74 ms, found 2 plugins.
Preloading 0 native plugins for Editor in 0.00 ms.
Initialize engine version: 2021.3.20f1c1 (7cf0fbd73406)
[Subsystems] Discovering subsystems at path D:/Unity Hub Editor/2021.3.20f1c1/Editor/Data/Resources/UnitySubsystems
[Subsystems] Discovering subsystems at path D:/Unity Projects/master/MonumentValley-LevelDesign/Assets
GfxDevice: creating device client; threaded=0; jobified=0
Direct3D:
    Version:  Direct3D 11.0 [level 11.1]
    Renderer: NVIDIA GeForce RTX 3060 Laptop GPU (ID=0x2520)
    Vendor:   NVIDIA
    VRAM:     6023 MB
    Driver:   30.0.15.1289
Initialize mono
Mono path[0] = 'D:/Unity Hub Editor/2021.3.20f1c1/Editor/Data/Managed'
Mono path[1] = 'D:/Unity Hub Editor/2021.3.20f1c1/Editor/Data/MonoBleedingEdge/lib/mono/unityjit-win32'
Mono config path = 'D:/Unity Hub Editor/2021.3.20f1c1/Editor/Data/MonoBleedingEdge/etc'
Using monoOptions --debugger-agent=transport=dt_socket,embedding=1,server=y,suspend=n,address=127.0.0.1:56452
Begin MonoManager ReloadAssembly
Registering precompiled unity dll's ...
Register platform support module: D:/Unity Hub Editor/2021.3.20f1c1/Editor/Data/PlaybackEngines/WebGLSupport/UnityEditor.WebGL.Extensions.dll
Register platform support module: D:/Unity Hub Editor/2021.3.20f1c1/Editor/Data/PlaybackEngines/WindowsStandaloneSupport/UnityEditor.WindowsStandalone.Extensions.dll
Registered in 0.002792 seconds.
Native extension for WindowsStandalone target not found
Native extension for WebGL target not found
Refreshing native plugins compatible for Editor in 46.41 ms, found 2 plugins.
Preloading 0 native plugins for Editor in 0.00 ms.
Mono: successfully reloaded assembly
- Completed reload, in  0.507 seconds
Domain Reload Profiling:
	ReloadAssembly (507ms)
		BeginReloadAssembly (79ms)
			ExecutionOrderSort (0ms)
			DisableScriptedObjects (0ms)
			BackupInstance (0ms)
			ReleaseScriptingObjects (0ms)
			CreateAndSetChildDomain (1ms)
		EndReloadAssembly (347ms)
			LoadAssemblies (76ms)
			RebuildTransferFunctionScriptingTraits (0ms)
			SetupTypeCache (90ms)
			ReleaseScriptCaches (0ms)
			RebuildScriptCaches (24ms)
			SetupLoadedEditorAssemblies (193ms)
				LogAssemblyErrors (0ms)
				InitializePlatformSupportModulesInManaged (6ms)
				SetLoadedEditorAssemblies (0ms)
				RefreshPlugins (46ms)
				BeforeProcessingInitializeOnLoad (1ms)
				ProcessInitializeOnLoadAttributes (100ms)
				ProcessInitializeOnLoadMethodAttributes (40ms)
				AfterProcessingInitializeOnLoad (0ms)
				EditorAssembliesLoaded (0ms)
			ExecutionOrderSort2 (0ms)
			AwakeInstancesAfterBackupRestoration (0ms)
Platform modules already initialized, skipping
Registering precompiled user dll's ...
Registered in 0.004563 seconds.
Begin MonoManager ReloadAssembly
Native extension for WindowsStandalone target not found
Native extension for WebGL target not found
Refreshing native plugins compatible for Editor in 0.55 ms, found 2 plugins.
Preloading 0 native plugins for Editor in 0.00 ms.
Mono: successfully reloaded assembly
- Completed reload, in  0.810 seconds
Domain Reload Profiling:
	ReloadAssembly (811ms)
		BeginReloadAssembly (99ms)
			ExecutionOrderSort (0ms)
			DisableScriptedObjects (5ms)
			BackupInstance (0ms)
			ReleaseScriptingObjects (0ms)
			CreateAndSetChildDomain (19ms)
		EndReloadAssembly (621ms)
			LoadAssemblies (62ms)
			RebuildTransferFunctionScriptingTraits (0ms)
			SetupTypeCache (160ms)
			ReleaseScriptCaches (0ms)
			RebuildScriptCaches (49ms)
			SetupLoadedEditorAssemblies (323ms)
				LogAssemblyErrors (0ms)
				InitializePlatformSupportModulesInManaged (7ms)
				SetLoadedEditorAssemblies (1ms)
				RefreshPlugins (1ms)
				BeforeProcessingInitializeOnLoad (46ms)
				ProcessInitializeOnLoadAttributes (248ms)
				ProcessInitializeOnLoadMethodAttributes (17ms)
				AfterProcessingInitializeOnLoad (5ms)
				EditorAssembliesLoaded (0ms)
			ExecutionOrderSort2 (0ms)
			AwakeInstancesAfterBackupRestoration (5ms)
Platform modules already initialized, skipping
========================================================================
Worker process is ready to serve import requests
Launched and connected shader compiler UnityShaderCompiler.exe after 0.03 seconds
Refreshing native plugins compatible for Editor in 0.82 ms, found 2 plugins.
Preloading 0 native plugins for Editor in 0.00 ms.
Unloading 1963 Unused Serialized files (Serialized files now loaded: 0)
Unloading 94 unused Assets / (1.3 MB). Loaded Objects now: 2422.
Memory consumption went from 103.2 MB to 101.9 MB.
Total: 5.202300 ms (FindLiveObjects: 0.252700 ms CreateObjectMapping: 0.104500 ms MarkObjects: 4.281900 ms  DeleteObjects: 0.561800 ms)

AssetImportParameters requested are different than current active one (requested -> active):
  custom:video-decoder-ogg-theora: a1e56fd34408186e4bbccfd4996cb3dc -> 
  custom:container-muxer-webm: aa71ff27fc2769a1b78a27578f13a17b -> 
  custom:container-demuxer-webm: 4f35f7cbe854078d1ac9338744f61a02 -> 
  custom:video-encoder-webm-vp8: eb34c28f22e8b96e1ab97ce403110664 -> 
  custom:audio-encoder-webm-vorbis: bf7c407c2cedff20999df2af8eb42d56 -> 
  custom:framework-win-MediaFoundation: 216162199b28c13a410421893ffa2e32 -> 
  custom:container-demuxer-ogg: 62fdf1f143b41e24485cea50d1cbac27 -> 
  custom:video-decoder-webm-vp8: 9c59270c3fd7afecdb556c50c9e8de78 -> 
  custom:audio-decoder-ogg-vorbis: bf7c407c2cedff20999df2af8eb42d56 -> 
========================================================================
Received Import Request.
  Time since last request: 6361.227319 seconds.
  path: Assets/Off Axis Studios/Polyworks/Prefabs/MaterialsOnly/Fences/Prop_Fence_Wooden_Small_02.prefab
  artifactKey: Guid(51a404b9b63a2a24798626bf6d3ba3d0) Importer(815301076,1909f56bfc062723c751e8b465ee728b)
Start importing Assets/Off Axis Studios/Polyworks/Prefabs/MaterialsOnly/Fences/Prop_Fence_Wooden_Small_02.prefab using Guid(51a404b9b63a2a24798626bf6d3ba3d0) Importer(815301076,1909f56bfc062723c751e8b465ee728b)  -> (artifact id: '6773a6e7899cb91155224173c377fb95') in 0.256975 seconds 
========================================================================
Received Import Request.
  Time since last request: 0.000037 seconds.
  path: Assets/Off Axis Studios/Polyworks/Prefabs/MaterialsOnly/Fences/Prop_Fence_Wooden_Small_01.prefab
  artifactKey: Guid(81ce17c4b4c38c346b2bb698fe7358f0) Importer(815301076,1909f56bfc062723c751e8b465ee728b)
Start importing Assets/Off Axis Studios/Polyworks/Prefabs/MaterialsOnly/Fences/Prop_Fence_Wooden_Small_01.prefab using Guid(81ce17c4b4c38c346b2bb698fe7358f0) Importer(815301076,1909f56bfc062723c751e8b465ee728b)  -> (artifact id: 'f0ac4f1a40f347eaf803391d3d05889a') in 0.036621 seconds 
========================================================================
Received Import Request.
  Time since last request: 0.000053 seconds.
  path: Assets/Off Axis Studios/Polyworks/Prefabs/MaterialsOnly/Clouds/Cloud_Wisp_Half_04.prefab
  artifactKey: Guid(184b68d7fa800ad4caf1e8c74a651b6f) Importer(815301076,1909f56bfc062723c751e8b465ee728b)
Start importing Assets/Off Axis Studios/Polyworks/Prefabs/MaterialsOnly/Clouds/Cloud_Wisp_Half_04.prefab using Guid(184b68d7fa800ad4caf1e8c74a651b6f) Importer(815301076,1909f56bfc062723c751e8b465ee728b)  -> (artifact id: 'ffdcb854ca88ef4ef765e6724a911d6f') in 0.031514 seconds 
========================================================================
Received Import Request.
  Time since last request: 0.000029 seconds.
  path: Assets/Off Axis Studios/Polyworks/Prefabs/MaterialsOnly/Crystals/Prop_Crystal_Singular_Purple_07.prefab
  artifactKey: Guid(ac255f50d68d5c640a42882674d7eeca) Importer(815301076,1909f56bfc062723c751e8b465ee728b)
Start importing Assets/Off Axis Studios/Polyworks/Prefabs/MaterialsOnly/Crystals/Prop_Crystal_Singular_Purple_07.prefab using Guid(ac255f50d68d5c640a42882674d7eeca) Importer(815301076,1909f56bfc062723c751e8b465ee728b)  -> (artifact id: '302d7be7e6ca084c854a2e4dc7f833a8') in 0.034002 seconds 
========================================================================
Received Import Request.
  Time since last request: 0.000026 seconds.
  path: Assets/Off Axis Studios/Polyworks/Prefabs/MaterialsOnly/Fences/Prop_Fence_Stone_Straight_02.prefab
  artifactKey: Guid(45c953dbf748f0c4b983ef783316c9e7) Importer(815301076,1909f56bfc062723c751e8b465ee728b)
Start importing Assets/Off Axis Studios/Polyworks/Prefabs/MaterialsOnly/Fences/Prop_Fence_Stone_Straight_02.prefab using Guid(45c953dbf748f0c4b983ef783316c9e7) Importer(815301076,1909f56bfc062723c751e8b465ee728b)  -> (artifact id: 'c09e476848db04c9b1f565173ae80c44') in 0.031159 seconds 
========================================================================
Received Import Request.
  Time since last request: 3.904072 seconds.
  path: Assets/Off Axis Studios/Polyworks/Prefabs/MaterialsOnly/Props General/Prop_Anvil_01.prefab
  artifactKey: Guid(5e37adbd3042718419109feb0e435906) Importer(815301076,1909f56bfc062723c751e8b465ee728b)
Start importing Assets/Off Axis Studios/Polyworks/Prefabs/MaterialsOnly/Props General/Prop_Anvil_01.prefab using Guid(5e37adbd3042718419109feb0e435906) Importer(815301076,1909f56bfc062723c751e8b465ee728b)  -> (artifact id: '5804015c12effcd662ebf0d3db9c85c1') in 0.026239 seconds 
========================================================================
Received Import Request.
  Time since last request: 0.000016 seconds.
  path: Assets/Off Axis Studios/Polyworks/Prefabs/MaterialsOnly/Props General/Prop_Fire_Static_01.prefab
  artifactKey: Guid(4156eb6fab9cbb44692fe7eaacd2edeb) Importer(815301076,1909f56bfc062723c751e8b465ee728b)
Start importing Assets/Off Axis Studios/Polyworks/Prefabs/MaterialsOnly/Props General/Prop_Fire_Static_01.prefab using Guid(4156eb6fab9cbb44692fe7eaacd2edeb) Importer(815301076,1909f56bfc062723c751e8b465ee728b)  -> (artifact id: '0a4c85c32ca1c4003f1f80b81d050338') in 0.040362 seconds 
========================================================================
Received Import Request.
  Time since last request: 0.000019 seconds.
  path: Assets/Off Axis Studios/Polyworks/Prefabs/MaterialsOnly/Props General/Prop_Sign_Wooden_Blank_01.prefab
  artifactKey: Guid(130fea27a43ae184eae4d48c186ff087) Importer(815301076,1909f56bfc062723c751e8b465ee728b)
Start importing Assets/Off Axis Studios/Polyworks/Prefabs/MaterialsOnly/Props General/Prop_Sign_Wooden_Blank_01.prefab using Guid(130fea27a43ae184eae4d48c186ff087) Importer(815301076,1909f56bfc062723c751e8b465ee728b)  -> (artifact id: '8e9ab9c0edb6dd4c34e519985ee804f6') in 0.038774 seconds 
========================================================================
Received Import Request.
  Time since last request: 0.000019 seconds.
  path: Assets/Off Axis Studios/Polyworks/Prefabs/MaterialsOnly/Props General/Prop_Ladder_Metal_01.prefab
  artifactKey: Guid(55df5651aa9686e478079396222194ef) Importer(815301076,1909f56bfc062723c751e8b465ee728b)
Start importing Assets/Off Axis Studios/Polyworks/Prefabs/MaterialsOnly/Props General/Prop_Ladder_Metal_01.prefab using Guid(55df5651aa9686e478079396222194ef) Importer(815301076,1909f56bfc062723c751e8b465ee728b)  -> (artifact id: '0315b450624dfe147f52a757003bd052') in 0.029798 seconds 
========================================================================
Received Import Request.
  Time since last request: 0.943851 seconds.
  path: Assets/Off Axis Studios/Polyworks/Prefabs/MaterialsOnly/Rocks/Rock_Boulder_01.prefab
  artifactKey: Guid(14f4fd85344d47c4db24c61a5f46da36) Importer(815301076,1909f56bfc062723c751e8b465ee728b)
Start importing Assets/Off Axis Studios/Polyworks/Prefabs/MaterialsOnly/Rocks/Rock_Boulder_01.prefab using Guid(14f4fd85344d47c4db24c61a5f46da36) Importer(815301076,1909f56bfc062723c751e8b465ee728b)  -> (artifact id: '0c6fd44980afb6bc5ed09a38b793697e') in 0.027003 seconds 
========================================================================
Received Import Request.
  Time since last request: 0.000015 seconds.
  path: Assets/Off Axis Studios/Polyworks/Prefabs/MaterialsOnly/Rocks/Rock_Geometric_Square_05.prefab
  artifactKey: Guid(44dcc94e6e91d6944bdc1db5ac1706fd) Importer(815301076,1909f56bfc062723c751e8b465ee728b)
Start importing Assets/Off Axis Studios/Polyworks/Prefabs/MaterialsOnly/Rocks/Rock_Geometric_Square_05.prefab using Guid(44dcc94e6e91d6944bdc1db5ac1706fd) Importer(815301076,1909f56bfc062723c751e8b465ee728b)  -> (artifact id: '5856bb0db82f549673825c41aab7dc93') in 0.016361 seconds 
========================================================================
Received Import Request.
  Time since last request: 0.000019 seconds.
  path: Assets/Off Axis Studios/Polyworks/Prefabs/MaterialsOnly/Rocks/Rock_Geometric_Square_11.prefab
  artifactKey: Guid(885abec7ab83fc14abef68936419d566) Importer(815301076,1909f56bfc062723c751e8b465ee728b)
Start importing Assets/Off Axis Studios/Polyworks/Prefabs/MaterialsOnly/Rocks/Rock_Geometric_Square_11.prefab using Guid(885abec7ab83fc14abef68936419d566) Importer(815301076,1909f56bfc062723c751e8b465ee728b)  -> (artifact id: 'a7af5a4008cf61b291ebdb35dc4aa51f') in 0.019713 seconds 
========================================================================
Received Import Request.
  Time since last request: 0.000024 seconds.
  path: Assets/Off Axis Studios/Polyworks/Prefabs/MaterialsOnly/Rocks/Rock_Geometric_Square_14.prefab
  artifactKey: Guid(46e1d7124e90dc443ae46543aa19d555) Importer(815301076,1909f56bfc062723c751e8b465ee728b)
Start importing Assets/Off Axis Studios/Polyworks/Prefabs/MaterialsOnly/Rocks/Rock_Geometric_Square_14.prefab using Guid(46e1d7124e90dc443ae46543aa19d555) Importer(815301076,1909f56bfc062723c751e8b465ee728b)  -> (artifact id: 'b36c3eae3b651a1b80aac7695df4dd6b') in 0.021562 seconds 
========================================================================
Received Import Request.
  Time since last request: 0.544852 seconds.
  path: Assets/Off Axis Studios/Polyworks/Prefabs/MaterialsOnly/Ruins/Prop_Ruins_Archway_Sandstone_Half_01.prefab
  artifactKey: Guid(b0116b2b127f04842a938c9404b55198) Importer(815301076,1909f56bfc062723c751e8b465ee728b)
Start importing Assets/Off Axis Studios/Polyworks/Prefabs/MaterialsOnly/Ruins/Prop_Ruins_Archway_Sandstone_Half_01.prefab using Guid(b0116b2b127f04842a938c9404b55198) Importer(815301076,1909f56bfc062723c751e8b465ee728b)  -> (artifact id: '61ceb5bf8facab7c3596fc48573e7c65') in 0.026021 seconds 
========================================================================
Received Import Request.
  Time since last request: 0.000016 seconds.
  path: Assets/Off Axis Studios/Polyworks/Prefabs/MaterialsOnly/Ruins/Prop_Ruins_Bridge_Stone_Piece_01.prefab
  artifactKey: Guid(9fc49b4a762904447b17aec21662eb06) Importer(815301076,1909f56bfc062723c751e8b465ee728b)
Start importing Assets/Off Axis Studios/Polyworks/Prefabs/MaterialsOnly/Ruins/Prop_Ruins_Bridge_Stone_Piece_01.prefab using Guid(9fc49b4a762904447b17aec21662eb06) Importer(815301076,1909f56bfc062723c751e8b465ee728b)  -> (artifact id: '81a7410b0ce9f9e39a9f2ed9f8d80f96') in 0.031317 seconds 
========================================================================
Received Import Request.
  Time since last request: 0.000025 seconds.
  path: Assets/Off Axis Studios/Polyworks/Prefabs/MaterialsOnly/Ruins/Prop_Ruins_Column_Sandstone_02.prefab
  artifactKey: Guid(8ecebfbd3ceaed04eb850a78863e9414) Importer(815301076,1909f56bfc062723c751e8b465ee728b)
Start importing Assets/Off Axis Studios/Polyworks/Prefabs/MaterialsOnly/Ruins/Prop_Ruins_Column_Sandstone_02.prefab using Guid(8ecebfbd3ceaed04eb850a78863e9414) Importer(815301076,1909f56bfc062723c751e8b465ee728b)  -> (artifact id: '31670aa1a939f6f335bae18916b72395') in 0.020880 seconds 
========================================================================
Received Import Request.
  Time since last request: 0.000021 seconds.
  path: Assets/Off Axis Studios/Polyworks/Prefabs/MaterialsOnly/Ruins/Prop_Stairs_Grand_Sandstone_03.prefab
  artifactKey: Guid(3659b0bd9818993489250298aff75568) Importer(815301076,1909f56bfc062723c751e8b465ee728b)
Start importing Assets/Off Axis Studios/Polyworks/Prefabs/MaterialsOnly/Ruins/Prop_Stairs_Grand_Sandstone_03.prefab using Guid(3659b0bd9818993489250298aff75568) Importer(815301076,1909f56bfc062723c751e8b465ee728b)  -> (artifact id: 'f86b39d7a8d7ead12702d57fbf9c8007') in 0.018579 seconds 
========================================================================
Received Import Request.
  Time since last request: 0.433133 seconds.
  path: Assets/Off Axis Studios/Polyworks/Prefabs/MaterialsOnly/Statues/Prop_Statue_Aphrodite_01.prefab
  artifactKey: Guid(8c9f09e5273396c488bef033e31443bf) Importer(815301076,1909f56bfc062723c751e8b465ee728b)
Start importing Assets/Off Axis Studios/Polyworks/Prefabs/MaterialsOnly/Statues/Prop_Statue_Aphrodite_01.prefab using Guid(8c9f09e5273396c488bef033e31443bf) Importer(815301076,1909f56bfc062723c751e8b465ee728b)  -> (artifact id: '6585dbdec5292ae7f148544d0cd5e2fa') in 0.031085 seconds 
========================================================================
Received Import Request.
  Time since last request: 0.000025 seconds.
  path: Assets/Off Axis Studios/Polyworks/Prefabs/MaterialsOnly/Statues/Prop_Statue_Deity_01.prefab
  artifactKey: Guid(0d35a5abc2580134a87bc217d3bab911) Importer(815301076,1909f56bfc062723c751e8b465ee728b)
Start importing Assets/Off Axis Studios/Polyworks/Prefabs/MaterialsOnly/Statues/Prop_Statue_Deity_01.prefab using Guid(0d35a5abc2580134a87bc217d3bab911) Importer(815301076,1909f56bfc062723c751e8b465ee728b)  -> (artifact id: '3cb0a185c264ae8eae1d73573c935b10') in 0.018103 seconds 
========================================================================
Received Import Request.
  Time since last request: 0.000019 seconds.
  path: Assets/Off Axis Studios/Polyworks/Prefabs/MaterialsOnly/Statues/Prop_Statue_Lion_01.prefab
  artifactKey: Guid(d59719b6fb34cf147b05c5efe46bf278) Importer(815301076,1909f56bfc062723c751e8b465ee728b)
Start importing Assets/Off Axis Studios/Polyworks/Prefabs/MaterialsOnly/Statues/Prop_Statue_Lion_01.prefab using Guid(d59719b6fb34cf147b05c5efe46bf278) Importer(815301076,1909f56bfc062723c751e8b465ee728b)  -> (artifact id: '05a06ba42ae53c9b345b508195182c7e') in 0.019625 seconds 
========================================================================
Received Import Request.
  Time since last request: 0.432939 seconds.
  path: Assets/Off Axis Studios/Polyworks/Prefabs/MaterialsOnly/Vegetation/Vegetation_Cactus_01.prefab
  artifactKey: Guid(775aeeb58f6bb0247a796778ae541390) Importer(815301076,1909f56bfc062723c751e8b465ee728b)
Start importing Assets/Off Axis Studios/Polyworks/Prefabs/MaterialsOnly/Vegetation/Vegetation_Cactus_01.prefab using Guid(775aeeb58f6bb0247a796778ae541390) Importer(815301076,1909f56bfc062723c751e8b465ee728b)  -> (artifact id: '3bd70d239ad6090a6d548228c9446c86') in 0.024405 seconds 
========================================================================
Received Import Request.
  Time since last request: 0.000017 seconds.
  path: Assets/Off Axis Studios/Polyworks/Prefabs/MaterialsOnly/Vegetation/Vegetation_Fern_04.prefab
  artifactKey: Guid(546b5b859770ad24db14a540e445323b) Importer(815301076,1909f56bfc062723c751e8b465ee728b)
Start importing Assets/Off Axis Studios/Polyworks/Prefabs/MaterialsOnly/Vegetation/Vegetation_Fern_04.prefab using Guid(546b5b859770ad24db14a540e445323b) Importer(815301076,1909f56bfc062723c751e8b465ee728b)  -> (artifact id: 'a916460aa03783870f63b0bc15efdeb0') in 0.017755 seconds 
========================================================================
Received Import Request.
  Time since last request: 0.000020 seconds.
  path: Assets/Off Axis Studios/Polyworks/Prefabs/MaterialsOnly/Vegetation/Vegetation_Flower_Sunflower_02.prefab
  artifactKey: Guid(1910ff35c088e2f4fb4c7e36a08e15f0) Importer(815301076,1909f56bfc062723c751e8b465ee728b)
Start importing Assets/Off Axis Studios/Polyworks/Prefabs/MaterialsOnly/Vegetation/Vegetation_Flower_Sunflower_02.prefab using Guid(1910ff35c088e2f4fb4c7e36a08e15f0) Importer(815301076,1909f56bfc062723c751e8b465ee728b)  -> (artifact id: 'c37aa594e7d220964157142719e60276') in 0.052392 seconds 
========================================================================
Received Import Request.
  Time since last request: 0.000024 seconds.
  path: Assets/Off Axis Studios/Polyworks/Prefabs/MaterialsOnly/Vegetation/Vegetation_Flower_Sunflower_03.prefab
  artifactKey: Guid(df7bfb8ee2c858d438d460adbae05afa) Importer(815301076,1909f56bfc062723c751e8b465ee728b)
Start importing Assets/Off Axis Studios/Polyworks/Prefabs/MaterialsOnly/Vegetation/Vegetation_Flower_Sunflower_03.prefab using Guid(df7bfb8ee2c858d438d460adbae05afa) Importer(815301076,1909f56bfc062723c751e8b465ee728b)  -> (artifact id: '54d0302a20d8d92fdce04de55899d6ce') in 0.029237 seconds 
========================================================================
Received Import Request.
  Time since last request: 0.434468 seconds.
  path: Assets/Off Axis Studios/Polyworks/Prefabs/MaterialsOnly/Fruit & Veg/Prop_Fruit_Apple_Red_01.prefab
  artifactKey: Guid(ae517e8eeefba4e47b681d5786006d10) Importer(815301076,1909f56bfc062723c751e8b465ee728b)
Start importing Assets/Off Axis Studios/Polyworks/Prefabs/MaterialsOnly/Fruit & Veg/Prop_Fruit_Apple_Red_01.prefab using Guid(ae517e8eeefba4e47b681d5786006d10) Importer(815301076,1909f56bfc062723c751e8b465ee728b)  -> (artifact id: '5eabec5b0874140cae65837055a9788d') in 0.026125 seconds 
========================================================================
Received Import Request.
  Time since last request: 0.000016 seconds.
  path: Assets/Off Axis Studios/Polyworks/Prefabs/MaterialsOnly/Fruit & Veg/Prop_Vegetable_Pumpkin_01.prefab
  artifactKey: Guid(fc44a42bc058cf64f9ee73719cd2f271) Importer(815301076,1909f56bfc062723c751e8b465ee728b)
Start importing Assets/Off Axis Studios/Polyworks/Prefabs/MaterialsOnly/Fruit & Veg/Prop_Vegetable_Pumpkin_01.prefab using Guid(fc44a42bc058cf64f9ee73719cd2f271) Importer(815301076,1909f56bfc062723c751e8b465ee728b)  -> (artifact id: '97c5813602e4f7411e0e6b78e9fa5bb5') in 0.035982 seconds 
========================================================================
Received Import Request.
  Time since last request: 4.544222 seconds.
  path: Assets/Off Axis Studios/Polyworks/Prefabs/MaterialsOnly/Vehicles/Vehicle_Balloon_01.prefab
  artifactKey: Guid(5aedf735b3c1c634288d1e0f7128b91d) Importer(815301076,1909f56bfc062723c751e8b465ee728b)
Start importing Assets/Off Axis Studios/Polyworks/Prefabs/MaterialsOnly/Vehicles/Vehicle_Balloon_01.prefab using Guid(5aedf735b3c1c634288d1e0f7128b91d) Importer(815301076,1909f56bfc062723c751e8b465ee728b)  -> (artifact id: 'ec7dc515ceba8cd9ced2d9797bab789f') in 0.037621 seconds 
========================================================================
Received Import Request.
  Time since last request: 0.719062 seconds.
  path: Assets/Off Axis Studios/Polyworks/Prefabs/MaterialsOnly/Water Planes/Water_Plane_Circle_Large_01.prefab
  artifactKey: Guid(eca908de6cf608d4f8a4b9e77f2340d5) Importer(815301076,1909f56bfc062723c751e8b465ee728b)
Start importing Assets/Off Axis Studios/Polyworks/Prefabs/MaterialsOnly/Water Planes/Water_Plane_Circle_Large_01.prefab using Guid(eca908de6cf608d4f8a4b9e77f2340d5) Importer(815301076,1909f56bfc062723c751e8b465ee728b)  -> (artifact id: '73bf8b79af34ca35519bbe3181ed22ea') in 0.026431 seconds 
========================================================================
Received Import Request.
  Time since last request: 0.000021 seconds.
  path: Assets/Off Axis Studios/Polyworks/Prefabs/MaterialsOnly/Water Planes/Water_Plane_Semicircle_Small_01.prefab
  artifactKey: Guid(9c525fd0412c03748a0d9b1e985a74ba) Importer(815301076,1909f56bfc062723c751e8b465ee728b)
Start importing Assets/Off Axis Studios/Polyworks/Prefabs/MaterialsOnly/Water Planes/Water_Plane_Semicircle_Small_01.prefab using Guid(9c525fd0412c03748a0d9b1e985a74ba) Importer(815301076,1909f56bfc062723c751e8b465ee728b)  -> (artifact id: '58ba729d3f1285e4e34cd86e41cef895') in 0.021604 seconds 
========================================================================
Received Prepare
Registering precompiled user dll's ...
Registered in 0.004783 seconds.
Begin MonoManager ReloadAssembly
Native extension for WindowsStandalone target not found
Native extension for WebGL target not found
Refreshing native plugins compatible for Editor in 0.52 ms, found 2 plugins.
Preloading 0 native plugins for Editor in 0.00 ms.
Warning: Annotation not found!
UnityEngine.StackTraceUtility:ExtractStackTrace ()
UnityEditor.ProBuilder.EditorUtility:SetGizmoIconEnabled (System.Type,bool) (at Library/PackageCache/com.unity.probuilder@5.0.3/Editor/EditorCore/EditorUtility.cs:575)
UnityEditor.ProBuilder.HierarchyListener:.cctor () (at Library/PackageCache/com.unity.probuilder@5.0.3/Editor/EditorCore/HierarchyListener.cs:21)
System.Runtime.CompilerServices.RuntimeHelpers:RunClassConstructor (System.RuntimeTypeHandle)
UnityEditor.EditorAssemblies:ProcessInitializeOnLoadAttributes (System.Type[])

[Library/PackageCache/com.unity.probuilder@5.0.3/Editor/EditorCore/EditorUtility.cs line 575]

Mono: successfully reloaded assembly
- Completed reload, in  0.723 seconds
Domain Reload Profiling:
	ReloadAssembly (724ms)
		BeginReloadAssembly (124ms)
			ExecutionOrderSort (0ms)
			DisableScriptedObjects (6ms)
			BackupInstance (0ms)
			ReleaseScriptingObjects (0ms)
			CreateAndSetChildDomain (24ms)
		EndReloadAssembly (512ms)
			LoadAssemblies (65ms)
			RebuildTransferFunctionScriptingTraits (0ms)
			SetupTypeCache (149ms)
			ReleaseScriptCaches (1ms)
			RebuildScriptCaches (28ms)
			SetupLoadedEditorAssemblies (246ms)
				LogAssemblyErrors (0ms)
				InitializePlatformSupportModulesInManaged (6ms)
				SetLoadedEditorAssemblies (0ms)
				RefreshPlugins (1ms)
				BeforeProcessingInitializeOnLoad (42ms)
				ProcessInitializeOnLoadAttributes (176ms)
				ProcessInitializeOnLoadMethodAttributes (15ms)
				AfterProcessingInitializeOnLoad (5ms)
				EditorAssembliesLoaded (0ms)
			ExecutionOrderSort2 (0ms)
			AwakeInstancesAfterBackupRestoration (6ms)
Platform modules already initialized, skipping
Refreshing native plugins compatible for Editor in 2.92 ms, found 2 plugins.
Preloading 0 native plugins for Editor in 0.00 ms.
Unloading 1889 Unused Serialized files (Serialized files now loaded: 0)
Unloading 24 unused Assets / (1.3 MB). Loaded Objects now: 2433.
Memory consumption went from 99.4 MB to 98.1 MB.
Total: 5.552200 ms (FindLiveObjects: 0.279600 ms CreateObjectMapping: 0.102400 ms MarkObjects: 4.821100 ms  DeleteObjects: 0.347300 ms)

AssetImportParameters requested are different than current active one (requested -> active):
  custom:video-decoder-ogg-theora: a1e56fd34408186e4bbccfd4996cb3dc -> 
  custom:container-muxer-webm: aa71ff27fc2769a1b78a27578f13a17b -> 
  custom:container-demuxer-webm: 4f35f7cbe854078d1ac9338744f61a02 -> 
  custom:video-encoder-webm-vp8: eb34c28f22e8b96e1ab97ce403110664 -> 
  custom:audio-encoder-webm-vorbis: bf7c407c2cedff20999df2af8eb42d56 -> 
  custom:framework-win-MediaFoundation: 216162199b28c13a410421893ffa2e32 -> 
  custom:container-demuxer-ogg: 62fdf1f143b41e24485cea50d1cbac27 -> 
  custom:video-decoder-webm-vp8: 9c59270c3fd7afecdb556c50c9e8de78 -> 
  custom:audio-decoder-ogg-vorbis: bf7c407c2cedff20999df2af8eb42d56 -> 
========================================================================
Received Import Request.
  Time since last request: 1127.721438 seconds.
  path: Assets/Off Axis Studios/Polyworks/Prefabs/MaterialsOnly/Vegetation/Vegetation_Flower_Tulip_02.prefab
  artifactKey: Guid(526e5bbe8156d4048bb256d40470fdc5) Importer(815301076,1909f56bfc062723c751e8b465ee728b)
Start importing Assets/Off Axis Studios/Polyworks/Prefabs/MaterialsOnly/Vegetation/Vegetation_Flower_Tulip_02.prefab using Guid(526e5bbe8156d4048bb256d40470fdc5) Importer(815301076,1909f56bfc062723c751e8b465ee728b)  -> (artifact id: 'e59ec45af9c39d6d6e16fff4674aab2d') in 0.079307 seconds 
========================================================================
Received Import Request.
  Time since last request: 0.000032 seconds.
  path: Assets/Off Axis Studios/Polyworks/Prefabs/MaterialsOnly/Vegetation/Vegetation_Grass_3D_Singular_01.prefab
  artifactKey: Guid(782d523a53c942148b2de8d358698b1c) Importer(815301076,1909f56bfc062723c751e8b465ee728b)
Start importing Assets/Off Axis Studios/Polyworks/Prefabs/MaterialsOnly/Vegetation/Vegetation_Grass_3D_Singular_01.prefab using Guid(782d523a53c942148b2de8d358698b1c) Importer(815301076,1909f56bfc062723c751e8b465ee728b)  -> (artifact id: '82c39c9c2632c916b27370612897a381') in 0.027960 seconds 
========================================================================
Received Import Request.
  Time since last request: 0.000021 seconds.
  path: Assets/Off Axis Studios/Polyworks/Prefabs/MaterialsOnly/Vegetation/Vegetation_Grass_3D_Patch_Square_01.prefab
  artifactKey: Guid(bf61c185562a6444c85fd23eef2451a5) Importer(815301076,1909f56bfc062723c751e8b465ee728b)
Start importing Assets/Off Axis Studios/Polyworks/Prefabs/MaterialsOnly/Vegetation/Vegetation_Grass_3D_Patch_Square_01.prefab using Guid(bf61c185562a6444c85fd23eef2451a5) Importer(815301076,1909f56bfc062723c751e8b465ee728b)  -> (artifact id: '2bdc4cb4f8c7f2f05a2ce0d5d09172c9') in 0.023835 seconds 
========================================================================
Received Prepare
Registering precompiled user dll's ...
Registered in 0.005564 seconds.
Begin MonoManager ReloadAssembly
Native extension for WindowsStandalone target not found
Native extension for WebGL target not found
Refreshing native plugins compatible for Editor in 0.48 ms, found 2 plugins.
Preloading 0 native plugins for Editor in 0.00 ms.
Warning: Annotation not found!
UnityEngine.StackTraceUtility:ExtractStackTrace ()
UnityEditor.ProBuilder.EditorUtility:SetGizmoIconEnabled (System.Type,bool) (at Library/PackageCache/com.unity.probuilder@5.0.3/Editor/EditorCore/EditorUtility.cs:575)
UnityEditor.ProBuilder.HierarchyListener:.cctor () (at Library/PackageCache/com.unity.probuilder@5.0.3/Editor/EditorCore/HierarchyListener.cs:21)
System.Runtime.CompilerServices.RuntimeHelpers:RunClassConstructor (System.RuntimeTypeHandle)
UnityEditor.EditorAssemblies:ProcessInitializeOnLoadAttributes (System.Type[])

[Library/PackageCache/com.unity.probuilder@5.0.3/Editor/EditorCore/EditorUtility.cs line 575]

Mono: successfully reloaded assembly
- Completed reload, in  0.790 seconds
Domain Reload Profiling:
	ReloadAssembly (791ms)
		BeginReloadAssembly (126ms)
			ExecutionOrderSort (0ms)
			DisableScriptedObjects (4ms)
			BackupInstance (0ms)
			ReleaseScriptingObjects (0ms)
			CreateAndSetChildDomain (29ms)
		EndReloadAssembly (571ms)
			LoadAssemblies (73ms)
			RebuildTransferFunctionScriptingTraits (0ms)
			SetupTypeCache (158ms)
			ReleaseScriptCaches (1ms)
			RebuildScriptCaches (35ms)
			SetupLoadedEditorAssemblies (276ms)
				LogAssemblyErrors (0ms)
				InitializePlatformSupportModulesInManaged (4ms)
				SetLoadedEditorAssemblies (0ms)
				RefreshPlugins (1ms)
				BeforeProcessingInitializeOnLoad (43ms)
				ProcessInitializeOnLoadAttributes (202ms)
				ProcessInitializeOnLoadMethodAttributes (19ms)
				AfterProcessingInitializeOnLoad (7ms)
				EditorAssembliesLoaded (0ms)
			ExecutionOrderSort2 (0ms)
			AwakeInstancesAfterBackupRestoration (6ms)
Platform modules already initialized, skipping
Refreshing native plugins compatible for Editor in 2.76 ms, found 2 plugins.
Preloading 0 native plugins for Editor in 0.00 ms.
Unloading 1889 Unused Serialized files (Serialized files now loaded: 0)
Unloading 24 unused Assets / (1.3 MB). Loaded Objects now: 2436.
Memory consumption went from 99.5 MB to 98.1 MB.
Total: 6.867200 ms (FindLiveObjects: 0.258800 ms CreateObjectMapping: 0.112800 ms MarkObjects: 5.971800 ms  DeleteObjects: 0.522400 ms)

AssetImportParameters requested are different than current active one (requested -> active):
  custom:video-decoder-ogg-theora: a1e56fd34408186e4bbccfd4996cb3dc -> 
  custom:container-muxer-webm: aa71ff27fc2769a1b78a27578f13a17b -> 
  custom:container-demuxer-webm: 4f35f7cbe854078d1ac9338744f61a02 -> 
  custom:video-encoder-webm-vp8: eb34c28f22e8b96e1ab97ce403110664 -> 
  custom:audio-encoder-webm-vorbis: bf7c407c2cedff20999df2af8eb42d56 -> 
  custom:framework-win-MediaFoundation: 216162199b28c13a410421893ffa2e32 -> 
  custom:container-demuxer-ogg: 62fdf1f143b41e24485cea50d1cbac27 -> 
  custom:video-decoder-webm-vp8: 9c59270c3fd7afecdb556c50c9e8de78 -> 
  custom:audio-decoder-ogg-vorbis: bf7c407c2cedff20999df2af8eb42d56 -> 
========================================================================
Received Prepare
Registering precompiled user dll's ...
Registered in 0.006129 seconds.
Begin MonoManager ReloadAssembly
Native extension for WindowsStandalone target not found
Native extension for WebGL target not found
Refreshing native plugins compatible for Editor in 0.49 ms, found 2 plugins.
Preloading 0 native plugins for Editor in 0.00 ms.
Warning: Annotation not found!
UnityEngine.StackTraceUtility:ExtractStackTrace ()
UnityEditor.ProBuilder.EditorUtility:SetGizmoIconEnabled (System.Type,bool) (at Library/PackageCache/com.unity.probuilder@5.0.3/Editor/EditorCore/EditorUtility.cs:575)
UnityEditor.ProBuilder.HierarchyListener:.cctor () (at Library/PackageCache/com.unity.probuilder@5.0.3/Editor/EditorCore/HierarchyListener.cs:21)
System.Runtime.CompilerServices.RuntimeHelpers:RunClassConstructor (System.RuntimeTypeHandle)
UnityEditor.EditorAssemblies:ProcessInitializeOnLoadAttributes (System.Type[])

[Library/PackageCache/com.unity.probuilder@5.0.3/Editor/EditorCore/EditorUtility.cs line 575]

Mono: successfully reloaded assembly
- Completed reload, in  0.839 seconds
Domain Reload Profiling:
	ReloadAssembly (839ms)
		BeginReloadAssembly (128ms)
			ExecutionOrderSort (0ms)
			DisableScriptedObjects (4ms)
			BackupInstance (0ms)
			ReleaseScriptingObjects (0ms)
			CreateAndSetChildDomain (25ms)
		EndReloadAssembly (618ms)
			LoadAssemblies (77ms)
			RebuildTransferFunctionScriptingTraits (0ms)
			SetupTypeCache (160ms)
			ReleaseScriptCaches (1ms)
			RebuildScriptCaches (32ms)
			SetupLoadedEditorAssemblies (326ms)
				LogAssemblyErrors (0ms)
				InitializePlatformSupportModulesInManaged (4ms)
				SetLoadedEditorAssemblies (0ms)
				RefreshPlugins (1ms)
				BeforeProcessingInitializeOnLoad (41ms)
				ProcessInitializeOnLoadAttributes (253ms)
				ProcessInitializeOnLoadMethodAttributes (21ms)
				AfterProcessingInitializeOnLoad (6ms)
				EditorAssembliesLoaded (0ms)
			ExecutionOrderSort2 (0ms)
			AwakeInstancesAfterBackupRestoration (7ms)
Platform modules already initialized, skipping
Refreshing native plugins compatible for Editor in 2.92 ms, found 2 plugins.
Preloading 0 native plugins for Editor in 0.00 ms.
Unloading 1889 Unused Serialized files (Serialized files now loaded: 0)
Unloading 24 unused Assets / (1.3 MB). Loaded Objects now: 2439.
Memory consumption went from 99.5 MB to 98.2 MB.
Total: 5.283200 ms (FindLiveObjects: 0.261500 ms CreateObjectMapping: 0.189700 ms MarkObjects: 4.418500 ms  DeleteObjects: 0.411500 ms)

AssetImportParameters requested are different than current active one (requested -> active):
  custom:video-decoder-ogg-theora: a1e56fd34408186e4bbccfd4996cb3dc -> 
  custom:container-muxer-webm: aa71ff27fc2769a1b78a27578f13a17b -> 
  custom:container-demuxer-webm: 4f35f7cbe854078d1ac9338744f61a02 -> 
  custom:video-encoder-webm-vp8: eb34c28f22e8b96e1ab97ce403110664 -> 
  custom:audio-encoder-webm-vorbis: bf7c407c2cedff20999df2af8eb42d56 -> 
  custom:framework-win-MediaFoundation: 216162199b28c13a410421893ffa2e32 -> 
  custom:container-demuxer-ogg: 62fdf1f143b41e24485cea50d1cbac27 -> 
  custom:video-decoder-webm-vp8: 9c59270c3fd7afecdb556c50c9e8de78 -> 
  custom:audio-decoder-ogg-vorbis: bf7c407c2cedff20999df2af8eb42d56 -> 
========================================================================
Received Prepare
Registering precompiled user dll's ...
Registered in 0.004230 seconds.
Begin MonoManager ReloadAssembly
Native extension for WindowsStandalone target not found
Native extension for WebGL target not found
Refreshing native plugins compatible for Editor in 0.47 ms, found 2 plugins.
Preloading 0 native plugins for Editor in 0.00 ms.
Warning: Annotation not found!
UnityEngine.StackTraceUtility:ExtractStackTrace ()
UnityEditor.ProBuilder.EditorUtility:SetGizmoIconEnabled (System.Type,bool) (at Library/PackageCache/com.unity.probuilder@5.0.3/Editor/EditorCore/EditorUtility.cs:575)
UnityEditor.ProBuilder.HierarchyListener:.cctor () (at Library/PackageCache/com.unity.probuilder@5.0.3/Editor/EditorCore/HierarchyListener.cs:21)
System.Runtime.CompilerServices.RuntimeHelpers:RunClassConstructor (System.RuntimeTypeHandle)
UnityEditor.EditorAssemblies:ProcessInitializeOnLoadAttributes (System.Type[])

[Library/PackageCache/com.unity.probuilder@5.0.3/Editor/EditorCore/EditorUtility.cs line 575]

Mono: successfully reloaded assembly
- Completed reload, in  0.711 seconds
Domain Reload Profiling:
	ReloadAssembly (712ms)
		BeginReloadAssembly (107ms)
			ExecutionOrderSort (0ms)
			DisableScriptedObjects (4ms)
			BackupInstance (0ms)
			ReleaseScriptingObjects (0ms)
			CreateAndSetChildDomain (22ms)
		EndReloadAssembly (530ms)
			LoadAssemblies (61ms)
			RebuildTransferFunctionScriptingTraits (0ms)
			SetupTypeCache (151ms)
			ReleaseScriptCaches (1ms)
			RebuildScriptCaches (31ms)
			SetupLoadedEditorAssemblies (258ms)
				LogAssemblyErrors (0ms)
				InitializePlatformSupportModulesInManaged (4ms)
				SetLoadedEditorAssemblies (0ms)
				RefreshPlugins (1ms)
				BeforeProcessingInitializeOnLoad (41ms)
				ProcessInitializeOnLoadAttributes (185ms)
				ProcessInitializeOnLoadMethodAttributes (19ms)
				AfterProcessingInitializeOnLoad (7ms)
				EditorAssembliesLoaded (0ms)
			ExecutionOrderSort2 (0ms)
			AwakeInstancesAfterBackupRestoration (6ms)
Platform modules already initialized, skipping
Refreshing native plugins compatible for Editor in 2.81 ms, found 2 plugins.
Preloading 0 native plugins for Editor in 0.00 ms.
Unloading 1889 Unused Serialized files (Serialized files now loaded: 0)
Unloading 24 unused Assets / (1.3 MB). Loaded Objects now: 2442.
Memory consumption went from 99.5 MB to 98.2 MB.
Total: 5.978000 ms (FindLiveObjects: 0.201900 ms CreateObjectMapping: 0.098700 ms MarkObjects: 5.082100 ms  DeleteObjects: 0.592900 ms)

AssetImportParameters requested are different than current active one (requested -> active):
  custom:video-decoder-ogg-theora: a1e56fd34408186e4bbccfd4996cb3dc -> 
  custom:container-muxer-webm: aa71ff27fc2769a1b78a27578f13a17b -> 
  custom:container-demuxer-webm: 4f35f7cbe854078d1ac9338744f61a02 -> 
  custom:video-encoder-webm-vp8: eb34c28f22e8b96e1ab97ce403110664 -> 
  custom:audio-encoder-webm-vorbis: bf7c407c2cedff20999df2af8eb42d56 -> 
  custom:framework-win-MediaFoundation: 216162199b28c13a410421893ffa2e32 -> 
  custom:container-demuxer-ogg: 62fdf1f143b41e24485cea50d1cbac27 -> 
  custom:video-decoder-webm-vp8: 9c59270c3fd7afecdb556c50c9e8de78 -> 
  custom:audio-decoder-ogg-vorbis: bf7c407c2cedff20999df2af8eb42d56 -> 
========================================================================
Received Prepare
Registering precompiled user dll's ...
Registered in 0.004763 seconds.
Begin MonoManager ReloadAssembly
Native extension for WindowsStandalone target not found
Native extension for WebGL target not found
Refreshing native plugins compatible for Editor in 0.52 ms, found 2 plugins.
Preloading 0 native plugins for Editor in 0.00 ms.
Warning: Annotation not found!
UnityEngine.StackTraceUtility:ExtractStackTrace ()
UnityEditor.ProBuilder.EditorUtility:SetGizmoIconEnabled (System.Type,bool) (at Library/PackageCache/com.unity.probuilder@5.0.3/Editor/EditorCore/EditorUtility.cs:575)
UnityEditor.ProBuilder.HierarchyListener:.cctor () (at Library/PackageCache/com.unity.probuilder@5.0.3/Editor/EditorCore/HierarchyListener.cs:21)
System.Runtime.CompilerServices.RuntimeHelpers:RunClassConstructor (System.RuntimeTypeHandle)
UnityEditor.EditorAssemblies:ProcessInitializeOnLoadAttributes (System.Type[])

[Library/PackageCache/com.unity.probuilder@5.0.3/Editor/EditorCore/EditorUtility.cs line 575]

Mono: successfully reloaded assembly
- Completed reload, in  0.743 seconds
Domain Reload Profiling:
	ReloadAssembly (744ms)
		BeginReloadAssembly (122ms)
			ExecutionOrderSort (0ms)
			DisableScriptedObjects (7ms)
			BackupInstance (0ms)
			ReleaseScriptingObjects (0ms)
			CreateAndSetChildDomain (24ms)
		EndReloadAssembly (534ms)
			LoadAssemblies (69ms)
			RebuildTransferFunctionScriptingTraits (0ms)
			SetupTypeCache (159ms)
			ReleaseScriptCaches (1ms)
			RebuildScriptCaches (30ms)
			SetupLoadedEditorAssemblies (249ms)
				LogAssemblyErrors (0ms)
				InitializePlatformSupportModulesInManaged (5ms)
				SetLoadedEditorAssemblies (0ms)
				RefreshPlugins (1ms)
				BeforeProcessingInitializeOnLoad (40ms)
				ProcessInitializeOnLoadAttributes (180ms)
				ProcessInitializeOnLoadMethodAttributes (18ms)
				AfterProcessingInitializeOnLoad (6ms)
				EditorAssembliesLoaded (0ms)
			ExecutionOrderSort2 (0ms)
			AwakeInstancesAfterBackupRestoration (6ms)
Platform modules already initialized, skipping
Refreshing native plugins compatible for Editor in 2.24 ms, found 2 plugins.
Preloading 0 native plugins for Editor in 0.00 ms.
Unloading 1889 Unused Serialized files (Serialized files now loaded: 0)
Unloading 24 unused Assets / (1.3 MB). Loaded Objects now: 2445.
Memory consumption went from 99.4 MB to 98.1 MB.
Total: 4.546200 ms (FindLiveObjects: 0.182800 ms CreateObjectMapping: 0.062500 ms MarkObjects: 4.020100 ms  DeleteObjects: 0.279300 ms)

AssetImportParameters requested are different than current active one (requested -> active):
  custom:video-decoder-ogg-theora: a1e56fd34408186e4bbccfd4996cb3dc -> 
  custom:container-muxer-webm: aa71ff27fc2769a1b78a27578f13a17b -> 
  custom:container-demuxer-webm: 4f35f7cbe854078d1ac9338744f61a02 -> 
  custom:video-encoder-webm-vp8: eb34c28f22e8b96e1ab97ce403110664 -> 
  custom:audio-encoder-webm-vorbis: bf7c407c2cedff20999df2af8eb42d56 -> 
  custom:framework-win-MediaFoundation: 216162199b28c13a410421893ffa2e32 -> 
  custom:container-demuxer-ogg: 62fdf1f143b41e24485cea50d1cbac27 -> 
  custom:video-decoder-webm-vp8: 9c59270c3fd7afecdb556c50c9e8de78 -> 
  custom:audio-decoder-ogg-vorbis: bf7c407c2cedff20999df2af8eb42d56 -> 
========================================================================
Received Prepare
Registering precompiled user dll's ...
Registered in 0.004371 seconds.
Begin MonoManager ReloadAssembly
Native extension for WindowsStandalone target not found
Native extension for WebGL target not found
Refreshing native plugins compatible for Editor in 0.57 ms, found 2 plugins.
Preloading 0 native plugins for Editor in 0.00 ms.
Warning: Annotation not found!
UnityEngine.StackTraceUtility:ExtractStackTrace ()
UnityEditor.ProBuilder.EditorUtility:SetGizmoIconEnabled (System.Type,bool) (at Library/PackageCache/com.unity.probuilder@5.0.3/Editor/EditorCore/EditorUtility.cs:575)
UnityEditor.ProBuilder.HierarchyListener:.cctor () (at Library/PackageCache/com.unity.probuilder@5.0.3/Editor/EditorCore/HierarchyListener.cs:21)
System.Runtime.CompilerServices.RuntimeHelpers:RunClassConstructor (System.RuntimeTypeHandle)
UnityEditor.EditorAssemblies:ProcessInitializeOnLoadAttributes (System.Type[])

[Library/PackageCache/com.unity.probuilder@5.0.3/Editor/EditorCore/EditorUtility.cs line 575]

Mono: successfully reloaded assembly
- Completed reload, in  0.700 seconds
Domain Reload Profiling:
	ReloadAssembly (700ms)
		BeginReloadAssembly (108ms)
			ExecutionOrderSort (0ms)
			DisableScriptedObjects (4ms)
			BackupInstance (0ms)
			ReleaseScriptingObjects (0ms)
			CreateAndSetChildDomain (22ms)
		EndReloadAssembly (516ms)
			LoadAssemblies (61ms)
			RebuildTransferFunctionScriptingTraits (0ms)
			SetupTypeCache (150ms)
			ReleaseScriptCaches (1ms)
			RebuildScriptCaches (27ms)
			SetupLoadedEditorAssemblies (237ms)
				LogAssemblyErrors (0ms)
				InitializePlatformSupportModulesInManaged (5ms)
				SetLoadedEditorAssemblies (0ms)
				RefreshPlugins (1ms)
				BeforeProcessingInitializeOnLoad (38ms)
				ProcessInitializeOnLoadAttributes (170ms)
				ProcessInitializeOnLoadMethodAttributes (17ms)
				AfterProcessingInitializeOnLoad (6ms)
				EditorAssembliesLoaded (0ms)
			ExecutionOrderSort2 (0ms)
			AwakeInstancesAfterBackupRestoration (6ms)
Platform modules already initialized, skipping
Refreshing native plugins compatible for Editor in 2.66 ms, found 2 plugins.
Preloading 0 native plugins for Editor in 0.00 ms.
Unloading 1889 Unused Serialized files (Serialized files now loaded: 0)
Unloading 24 unused Assets / (1.3 MB). Loaded Objects now: 2448.
Memory consumption went from 99.5 MB to 98.2 MB.
Total: 5.633700 ms (FindLiveObjects: 0.296400 ms CreateObjectMapping: 0.065900 ms MarkObjects: 4.830700 ms  DeleteObjects: 0.438400 ms)

AssetImportParameters requested are different than current active one (requested -> active):
  custom:video-decoder-ogg-theora: a1e56fd34408186e4bbccfd4996cb3dc -> 
  custom:container-muxer-webm: aa71ff27fc2769a1b78a27578f13a17b -> 
  custom:container-demuxer-webm: 4f35f7cbe854078d1ac9338744f61a02 -> 
  custom:video-encoder-webm-vp8: eb34c28f22e8b96e1ab97ce403110664 -> 
  custom:audio-encoder-webm-vorbis: bf7c407c2cedff20999df2af8eb42d56 -> 
  custom:framework-win-MediaFoundation: 216162199b28c13a410421893ffa2e32 -> 
  custom:container-demuxer-ogg: 62fdf1f143b41e24485cea50d1cbac27 -> 
  custom:video-decoder-webm-vp8: 9c59270c3fd7afecdb556c50c9e8de78 -> 
  custom:audio-decoder-ogg-vorbis: bf7c407c2cedff20999df2af8eb42d56 -> 
