Using pre-set license
Built from '2021.3/china_unity/release' branch; Version is '2021.3.20f1c1 (7cf0fbd73406) revision 8188155'; Using compiler version '192829333'; Build Type 'Release'
OS: 'Windows 10  (10.0.19045) 64bit CoreCountrySpecific' Language: 'zh' Physical Memory: 16125 MB
BatchMode: 1, IsHumanControllingUs: 0, StartBugReporterOnCrash: 0, Is64bit: 1, IsPro: 1

COMMAND LINE ARGUMENTS:
D:\Unity Hub Editor\2021.3.20f1c1\Editor\Unity.exe
-adb2
-batchMode
-noUpm
-name
AssetImportWorker3
-projectPath
D:/Unity Projects/master02/MonumentValley-LevelDesign
-logFile
Logs/AssetImportWorker3.log
-srvPort
1553
Successfully changed project path to: D:/Unity Projects/master02/MonumentValley-LevelDesign
D:/Unity Projects/master02/MonumentValley-LevelDesign
[UnityMemory] Configuration Parameters - Can be set up in boot.config
    "memorysetup-bucket-allocator-granularity=16"
    "memorysetup-bucket-allocator-bucket-count=8"
    "memorysetup-bucket-allocator-block-size=33554432"
    "memorysetup-bucket-allocator-block-count=8"
    "memorysetup-main-allocator-block-size=16777216"
    "memorysetup-thread-allocator-block-size=16777216"
    "memorysetup-gfx-main-allocator-block-size=16777216"
    "memorysetup-gfx-thread-allocator-block-size=16777216"
    "memorysetup-cache-allocator-block-size=4194304"
    "memorysetup-typetree-allocator-block-size=2097152"
    "memorysetup-profiler-bucket-allocator-granularity=16"
    "memorysetup-profiler-bucket-allocator-bucket-count=8"
    "memorysetup-profiler-bucket-allocator-block-size=33554432"
    "memorysetup-profiler-bucket-allocator-block-count=8"
    "memorysetup-profiler-allocator-block-size=16777216"
    "memorysetup-profiler-editor-allocator-block-size=1048576"
    "memorysetup-temp-allocator-size-main=16777216"
    "memorysetup-job-temp-allocator-block-size=2097152"
    "memorysetup-job-temp-allocator-block-size-background=1048576"
    "memorysetup-job-temp-allocator-reduction-small-platforms=262144"
    "memorysetup-temp-allocator-size-background-worker=32768"
    "memorysetup-temp-allocator-size-job-worker=262144"
    "memorysetup-temp-allocator-size-preload-manager=33554432"
    "memorysetup-temp-allocator-size-nav-mesh-worker=65536"
    "memorysetup-temp-allocator-size-audio-worker=65536"
    "memorysetup-temp-allocator-size-cloud-worker=32768"
    "memorysetup-temp-allocator-size-gi-baking-worker=262144"
    "memorysetup-temp-allocator-size-gfx=262144"
Player connection [17584] Host "[IP] 192.168.175.1 [Port] 0 [Flags] 2 [Guid] 1056643275 [EditorId] 1056643275 [Version] 1048832 [Id] WindowsEditor(7,DESKTOP-K16J9TC) [Debug] 1 [PackageName] WindowsEditor [ProjectName] Editor" joined multi-casting on [225.0.0.222:54997]...

Player connection [17584] Host "[IP] 192.168.175.1 [Port] 0 [Flags] 2 [Guid] 1056643275 [EditorId] 1056643275 [Version] 1048832 [Id] WindowsEditor(7,DESKTOP-K16J9TC) [Debug] 1 [PackageName] WindowsEditor [ProjectName] Editor" joined alternative multi-casting on [225.0.0.222:34997]...

AS: AutoStreaming module initializing.
Refreshing native plugins compatible for Editor in 47.19 ms, found 2 plugins.
Preloading 0 native plugins for Editor in 0.00 ms.
Initialize engine version: 2021.3.20f1c1 (7cf0fbd73406)
[Subsystems] Discovering subsystems at path D:/Unity Hub Editor/2021.3.20f1c1/Editor/Data/Resources/UnitySubsystems
[Subsystems] Discovering subsystems at path D:/Unity Projects/master02/MonumentValley-LevelDesign/Assets
GfxDevice: creating device client; threaded=0; jobified=0
Direct3D:
    Version:  Direct3D 11.0 [level 11.1]
    Renderer: NVIDIA GeForce RTX 3060 Laptop GPU (ID=0x2520)
    Vendor:   NVIDIA
    VRAM:     6023 MB
    Driver:   30.0.15.1289
Initialize mono
Mono path[0] = 'D:/Unity Hub Editor/2021.3.20f1c1/Editor/Data/Managed'
Mono path[1] = 'D:/Unity Hub Editor/2021.3.20f1c1/Editor/Data/MonoBleedingEdge/lib/mono/unityjit-win32'
Mono config path = 'D:/Unity Hub Editor/2021.3.20f1c1/Editor/Data/MonoBleedingEdge/etc'
Using monoOptions --debugger-agent=transport=dt_socket,embedding=1,server=y,suspend=n,address=127.0.0.1:56744
Begin MonoManager ReloadAssembly
Registering precompiled unity dll's ...
Register platform support module: D:/Unity Hub Editor/2021.3.20f1c1/Editor/Data/PlaybackEngines/WebGLSupport/UnityEditor.WebGL.Extensions.dll
Register platform support module: D:/Unity Hub Editor/2021.3.20f1c1/Editor/Data/PlaybackEngines/WindowsStandaloneSupport/UnityEditor.WindowsStandalone.Extensions.dll
Registered in 0.002550 seconds.
Native extension for WindowsStandalone target not found
Native extension for WebGL target not found
Refreshing native plugins compatible for Editor in 41.90 ms, found 2 plugins.
Preloading 0 native plugins for Editor in 0.00 ms.
Mono: successfully reloaded assembly
- Completed reload, in  0.450 seconds
Domain Reload Profiling:
	ReloadAssembly (451ms)
		BeginReloadAssembly (65ms)
			ExecutionOrderSort (0ms)
			DisableScriptedObjects (0ms)
			BackupInstance (0ms)
			ReleaseScriptingObjects (0ms)
			CreateAndSetChildDomain (1ms)
		EndReloadAssembly (313ms)
			LoadAssemblies (64ms)
			RebuildTransferFunctionScriptingTraits (0ms)
			SetupTypeCache (85ms)
			ReleaseScriptCaches (0ms)
			RebuildScriptCaches (20ms)
			SetupLoadedEditorAssemblies (172ms)
				LogAssemblyErrors (0ms)
				InitializePlatformSupportModulesInManaged (6ms)
				SetLoadedEditorAssemblies (0ms)
				RefreshPlugins (42ms)
				BeforeProcessingInitializeOnLoad (1ms)
				ProcessInitializeOnLoadAttributes (87ms)
				ProcessInitializeOnLoadMethodAttributes (36ms)
				AfterProcessingInitializeOnLoad (0ms)
				EditorAssembliesLoaded (0ms)
			ExecutionOrderSort2 (0ms)
			AwakeInstancesAfterBackupRestoration (0ms)
Platform modules already initialized, skipping
Registering precompiled user dll's ...
Registered in 0.003264 seconds.
Begin MonoManager ReloadAssembly
Native extension for WindowsStandalone target not found
Native extension for WebGL target not found
Refreshing native plugins compatible for Editor in 0.59 ms, found 2 plugins.
Preloading 0 native plugins for Editor in 0.00 ms.
Mono: successfully reloaded assembly
- Completed reload, in  0.755 seconds
Domain Reload Profiling:
	ReloadAssembly (756ms)
		BeginReloadAssembly (87ms)
			ExecutionOrderSort (0ms)
			DisableScriptedObjects (4ms)
			BackupInstance (0ms)
			ReleaseScriptingObjects (0ms)
			CreateAndSetChildDomain (15ms)
		EndReloadAssembly (586ms)
			LoadAssemblies (61ms)
			RebuildTransferFunctionScriptingTraits (0ms)
			SetupTypeCache (143ms)
			ReleaseScriptCaches (1ms)
			RebuildScriptCaches (38ms)
			SetupLoadedEditorAssemblies (309ms)
				LogAssemblyErrors (0ms)
				InitializePlatformSupportModulesInManaged (5ms)
				SetLoadedEditorAssemblies (0ms)
				RefreshPlugins (1ms)
				BeforeProcessingInitializeOnLoad (49ms)
				ProcessInitializeOnLoadAttributes (226ms)
				ProcessInitializeOnLoadMethodAttributes (22ms)
				AfterProcessingInitializeOnLoad (5ms)
				EditorAssembliesLoaded (0ms)
			ExecutionOrderSort2 (0ms)
			AwakeInstancesAfterBackupRestoration (5ms)
Platform modules already initialized, skipping
========================================================================
Worker process is ready to serve import requests
Launched and connected shader compiler UnityShaderCompiler.exe after 0.03 seconds
Refreshing native plugins compatible for Editor in 0.49 ms, found 2 plugins.
Preloading 0 native plugins for Editor in 0.00 ms.
Unloading 1970 Unused Serialized files (Serialized files now loaded: 0)
Unloading 94 unused Assets / (1.3 MB). Loaded Objects now: 2433.
Memory consumption went from 103.8 MB to 102.4 MB.
Total: 3.883800 ms (FindLiveObjects: 0.161800 ms CreateObjectMapping: 0.041600 ms MarkObjects: 3.180500 ms  DeleteObjects: 0.498700 ms)

AssetImportParameters requested are different than current active one (requested -> active):
  custom:video-decoder-ogg-theora: a1e56fd34408186e4bbccfd4996cb3dc -> 
  custom:container-muxer-webm: aa71ff27fc2769a1b78a27578f13a17b -> 
  custom:container-demuxer-webm: 4f35f7cbe854078d1ac9338744f61a02 -> 
  custom:video-encoder-webm-vp8: eb34c28f22e8b96e1ab97ce403110664 -> 
  custom:audio-encoder-webm-vorbis: bf7c407c2cedff20999df2af8eb42d56 -> 
  custom:framework-win-MediaFoundation: 216162199b28c13a410421893ffa2e32 -> 
  custom:container-demuxer-ogg: 62fdf1f143b41e24485cea50d1cbac27 -> 
  custom:video-decoder-webm-vp8: 9c59270c3fd7afecdb556c50c9e8de78 -> 
  custom:audio-decoder-ogg-vorbis: bf7c407c2cedff20999df2af8eb42d56 -> 
========================================================================
Received Prepare
Registering precompiled user dll's ...
Registered in 0.005130 seconds.
Begin MonoManager ReloadAssembly
Native extension for WindowsStandalone target not found
Native extension for WebGL target not found
Refreshing native plugins compatible for Editor in 0.55 ms, found 2 plugins.
Preloading 0 native plugins for Editor in 0.00 ms.
Warning: Annotation not found!
UnityEngine.StackTraceUtility:ExtractStackTrace ()
UnityEditor.ProBuilder.EditorUtility:SetGizmoIconEnabled (System.Type,bool) (at Library/PackageCache/com.unity.probuilder@5.0.3/Editor/EditorCore/EditorUtility.cs:575)
UnityEditor.ProBuilder.HierarchyListener:.cctor () (at Library/PackageCache/com.unity.probuilder@5.0.3/Editor/EditorCore/HierarchyListener.cs:21)
System.Runtime.CompilerServices.RuntimeHelpers:RunClassConstructor (System.RuntimeTypeHandle)
UnityEditor.EditorAssemblies:ProcessInitializeOnLoadAttributes (System.Type[])

[Library/PackageCache/com.unity.probuilder@5.0.3/Editor/EditorCore/EditorUtility.cs line 575]

Mono: successfully reloaded assembly
- Completed reload, in  0.870 seconds
Domain Reload Profiling:
	ReloadAssembly (870ms)
		BeginReloadAssembly (127ms)
			ExecutionOrderSort (0ms)
			DisableScriptedObjects (5ms)
			BackupInstance (0ms)
			ReleaseScriptingObjects (0ms)
			CreateAndSetChildDomain (27ms)
		EndReloadAssembly (655ms)
			LoadAssemblies (70ms)
			RebuildTransferFunctionScriptingTraits (0ms)
			SetupTypeCache (190ms)
			ReleaseScriptCaches (1ms)
			RebuildScriptCaches (35ms)
			SetupLoadedEditorAssemblies (311ms)
				LogAssemblyErrors (0ms)
				InitializePlatformSupportModulesInManaged (5ms)
				SetLoadedEditorAssemblies (0ms)
				RefreshPlugins (1ms)
				BeforeProcessingInitializeOnLoad (51ms)
				ProcessInitializeOnLoadAttributes (226ms)
				ProcessInitializeOnLoadMethodAttributes (21ms)
				AfterProcessingInitializeOnLoad (7ms)
				EditorAssembliesLoaded (0ms)
			ExecutionOrderSort2 (0ms)
			AwakeInstancesAfterBackupRestoration (7ms)
Platform modules already initialized, skipping
Refreshing native plugins compatible for Editor in 2.38 ms, found 2 plugins.
Preloading 0 native plugins for Editor in 0.00 ms.
Unloading 1895 Unused Serialized files (Serialized files now loaded: 0)
Unloading 24 unused Assets / (1.3 MB). Loaded Objects now: 2436.
Memory consumption went from 96.9 MB to 95.6 MB.
Total: 2.876700 ms (FindLiveObjects: 0.135800 ms CreateObjectMapping: 0.036500 ms MarkObjects: 2.458500 ms  DeleteObjects: 0.244500 ms)

AssetImportParameters requested are different than current active one (requested -> active):
  custom:video-decoder-ogg-theora: a1e56fd34408186e4bbccfd4996cb3dc -> 
  custom:container-muxer-webm: aa71ff27fc2769a1b78a27578f13a17b -> 
  custom:container-demuxer-webm: 4f35f7cbe854078d1ac9338744f61a02 -> 
  custom:video-encoder-webm-vp8: eb34c28f22e8b96e1ab97ce403110664 -> 
  custom:audio-encoder-webm-vorbis: bf7c407c2cedff20999df2af8eb42d56 -> 
  custom:framework-win-MediaFoundation: 216162199b28c13a410421893ffa2e32 -> 
  custom:container-demuxer-ogg: 62fdf1f143b41e24485cea50d1cbac27 -> 
  custom:video-decoder-webm-vp8: 9c59270c3fd7afecdb556c50c9e8de78 -> 
  custom:audio-decoder-ogg-vorbis: bf7c407c2cedff20999df2af8eb42d56 -> 
========================================================================
Received Prepare
Registering precompiled user dll's ...
Registered in 0.003630 seconds.
Begin MonoManager ReloadAssembly
Native extension for WindowsStandalone target not found
Native extension for WebGL target not found
Refreshing native plugins compatible for Editor in 0.53 ms, found 2 plugins.
Preloading 0 native plugins for Editor in 0.00 ms.
Warning: Annotation not found!
UnityEngine.StackTraceUtility:ExtractStackTrace ()
UnityEditor.ProBuilder.EditorUtility:SetGizmoIconEnabled (System.Type,bool) (at Library/PackageCache/com.unity.probuilder@5.0.3/Editor/EditorCore/EditorUtility.cs:575)
UnityEditor.ProBuilder.HierarchyListener:.cctor () (at Library/PackageCache/com.unity.probuilder@5.0.3/Editor/EditorCore/HierarchyListener.cs:21)
System.Runtime.CompilerServices.RuntimeHelpers:RunClassConstructor (System.RuntimeTypeHandle)
UnityEditor.EditorAssemblies:ProcessInitializeOnLoadAttributes (System.Type[])

[Library/PackageCache/com.unity.probuilder@5.0.3/Editor/EditorCore/EditorUtility.cs line 575]

Mono: successfully reloaded assembly
- Completed reload, in  0.727 seconds
Domain Reload Profiling:
	ReloadAssembly (728ms)
		BeginReloadAssembly (112ms)
			ExecutionOrderSort (0ms)
			DisableScriptedObjects (4ms)
			BackupInstance (0ms)
			ReleaseScriptingObjects (0ms)
			CreateAndSetChildDomain (26ms)
		EndReloadAssembly (538ms)
			LoadAssemblies (60ms)
			RebuildTransferFunctionScriptingTraits (0ms)
			SetupTypeCache (139ms)
			ReleaseScriptCaches (1ms)
			RebuildScriptCaches (35ms)
			SetupLoadedEditorAssemblies (264ms)
				LogAssemblyErrors (0ms)
				InitializePlatformSupportModulesInManaged (4ms)
				SetLoadedEditorAssemblies (0ms)
				RefreshPlugins (1ms)
				BeforeProcessingInitializeOnLoad (39ms)
				ProcessInitializeOnLoadAttributes (194ms)
				ProcessInitializeOnLoadMethodAttributes (20ms)
				AfterProcessingInitializeOnLoad (6ms)
				EditorAssembliesLoaded (0ms)
			ExecutionOrderSort2 (0ms)
			AwakeInstancesAfterBackupRestoration (7ms)
Platform modules already initialized, skipping
Refreshing native plugins compatible for Editor in 1.98 ms, found 2 plugins.
Preloading 0 native plugins for Editor in 0.00 ms.
Unloading 1895 Unused Serialized files (Serialized files now loaded: 0)
Unloading 24 unused Assets / (1.3 MB). Loaded Objects now: 2439.
Memory consumption went from 96.4 MB to 95.1 MB.
Total: 2.915700 ms (FindLiveObjects: 0.215400 ms CreateObjectMapping: 0.079300 ms MarkObjects: 2.392700 ms  DeleteObjects: 0.227600 ms)

AssetImportParameters requested are different than current active one (requested -> active):
  custom:video-decoder-ogg-theora: a1e56fd34408186e4bbccfd4996cb3dc -> 
  custom:container-muxer-webm: aa71ff27fc2769a1b78a27578f13a17b -> 
  custom:container-demuxer-webm: 4f35f7cbe854078d1ac9338744f61a02 -> 
  custom:video-encoder-webm-vp8: eb34c28f22e8b96e1ab97ce403110664 -> 
  custom:audio-encoder-webm-vorbis: bf7c407c2cedff20999df2af8eb42d56 -> 
  custom:framework-win-MediaFoundation: 216162199b28c13a410421893ffa2e32 -> 
  custom:container-demuxer-ogg: 62fdf1f143b41e24485cea50d1cbac27 -> 
  custom:video-decoder-webm-vp8: 9c59270c3fd7afecdb556c50c9e8de78 -> 
  custom:audio-decoder-ogg-vorbis: bf7c407c2cedff20999df2af8eb42d56 -> 
========================================================================
Received Import Request.
  Time since last request: 8678.026453 seconds.
  path: Assets/Off Axis Studios/Polyworks/Meshes/MaterialsOnly/Boardgame/Boardgame_Chess_Piece_Bishop_White_01.fbx
  artifactKey: Guid(398e3828d34e471428af1034c8a05fe7) Importer(815301076,1909f56bfc062723c751e8b465ee728b)
Start importing Assets/Off Axis Studios/Polyworks/Meshes/MaterialsOnly/Boardgame/Boardgame_Chess_Piece_Bishop_White_01.fbx using Guid(398e3828d34e471428af1034c8a05fe7) Importer(815301076,1909f56bfc062723c751e8b465ee728b)  -> (artifact id: '1a0fc444c152e16c2857936e03dccaa5') in 0.175503 seconds 
========================================================================
Received Import Request.
  Time since last request: 0.000026 seconds.
  path: Assets/Off Axis Studios/Polyworks/Meshes/MaterialsOnly/Boardgame/Boardgame_Chess_Piece_Castle_Rook_White_01.fbx
  artifactKey: Guid(568a983a29f206f40ab186a70b511aaf) Importer(815301076,1909f56bfc062723c751e8b465ee728b)
Start importing Assets/Off Axis Studios/Polyworks/Meshes/MaterialsOnly/Boardgame/Boardgame_Chess_Piece_Castle_Rook_White_01.fbx using Guid(568a983a29f206f40ab186a70b511aaf) Importer(815301076,1909f56bfc062723c751e8b465ee728b)  -> (artifact id: 'd0bf8f4d7cddd41ce235c1f03c30b17a') in 0.044243 seconds 
========================================================================
Received Import Request.
  Time since last request: 0.000029 seconds.
  path: Assets/Off Axis Studios/Polyworks/Meshes/MaterialsOnly/Boardgame/Boardgame_Chess_Piece_Castle_Rook_Black_01.fbx
  artifactKey: Guid(acef0e7fd2bab9644b73e4be73b4ee99) Importer(815301076,1909f56bfc062723c751e8b465ee728b)
Start importing Assets/Off Axis Studios/Polyworks/Meshes/MaterialsOnly/Boardgame/Boardgame_Chess_Piece_Castle_Rook_Black_01.fbx using Guid(acef0e7fd2bab9644b73e4be73b4ee99) Importer(815301076,1909f56bfc062723c751e8b465ee728b)  -> (artifact id: '7b7fae2301f0742ac45d0a37c24cfce0') in 0.028394 seconds 
========================================================================
Received Import Request.
  Time since last request: 0.000023 seconds.
  path: Assets/Off Axis Studios/Polyworks/Meshes/MaterialsOnly/Boardgame/Boardgame_Chess_Piece_King_White_01.fbx
  artifactKey: Guid(667fa5a15fba68846b9750adf12ab514) Importer(815301076,1909f56bfc062723c751e8b465ee728b)
Start importing Assets/Off Axis Studios/Polyworks/Meshes/MaterialsOnly/Boardgame/Boardgame_Chess_Piece_King_White_01.fbx using Guid(667fa5a15fba68846b9750adf12ab514) Importer(815301076,1909f56bfc062723c751e8b465ee728b)  -> (artifact id: '8e4e43f29cd1da891ee12038107bec44') in 0.027242 seconds 
========================================================================
Received Import Request.
  Time since last request: 0.085806 seconds.
  path: Assets/Off Axis Studios/Polyworks/Meshes/MaterialsOnly/Buildings/Building_Castle_Platform_Building_01.fbx
  artifactKey: Guid(65d9aba2218c42d4b8ce09450de7ef4d) Importer(815301076,1909f56bfc062723c751e8b465ee728b)
Start importing Assets/Off Axis Studios/Polyworks/Meshes/MaterialsOnly/Buildings/Building_Castle_Platform_Building_01.fbx using Guid(65d9aba2218c42d4b8ce09450de7ef4d) Importer(815301076,1909f56bfc062723c751e8b465ee728b)  -> (artifact id: 'ed53c1be49c3b38b8013412246e370ab') in 0.033875 seconds 
========================================================================
Received Import Request.
  Time since last request: 0.000014 seconds.
  path: Assets/Off Axis Studios/Polyworks/Meshes/MaterialsOnly/Buildings/Building_Castle_Tower_Base_Large_01.fbx
  artifactKey: Guid(680aab0e147adfa4bad9112ceecc36e2) Importer(815301076,1909f56bfc062723c751e8b465ee728b)
Start importing Assets/Off Axis Studios/Polyworks/Meshes/MaterialsOnly/Buildings/Building_Castle_Tower_Base_Large_01.fbx using Guid(680aab0e147adfa4bad9112ceecc36e2) Importer(815301076,1909f56bfc062723c751e8b465ee728b)  -> (artifact id: '8ef5b45a63865c7030335522969cfbee') in 0.027974 seconds 
========================================================================
Received Import Request.
  Time since last request: 0.000023 seconds.
  path: Assets/Off Axis Studios/Polyworks/Meshes/MaterialsOnly/Buildings/Building_Castle_Tower_Base_Small_01.fbx
  artifactKey: Guid(155eb867f622d434b9ea06a90e455c11) Importer(815301076,1909f56bfc062723c751e8b465ee728b)
Start importing Assets/Off Axis Studios/Polyworks/Meshes/MaterialsOnly/Buildings/Building_Castle_Tower_Base_Small_01.fbx using Guid(155eb867f622d434b9ea06a90e455c11) Importer(815301076,1909f56bfc062723c751e8b465ee728b)  -> (artifact id: '925ae97c80d9e5ac9ce8da3b693dc569') in 0.025048 seconds 
========================================================================
Received Import Request.
  Time since last request: 0.000029 seconds.
  path: Assets/Off Axis Studios/Polyworks/Meshes/MaterialsOnly/Buildings/Building_Castle_Platform_Columns_01.fbx
  artifactKey: Guid(d94346abe3338a8449d73f6157c0fca0) Importer(815301076,1909f56bfc062723c751e8b465ee728b)
Start importing Assets/Off Axis Studios/Polyworks/Meshes/MaterialsOnly/Buildings/Building_Castle_Platform_Columns_01.fbx using Guid(d94346abe3338a8449d73f6157c0fca0) Importer(815301076,1909f56bfc062723c751e8b465ee728b)  -> (artifact id: '6e17087d714049fb6c4c26d35680edef') in 0.033353 seconds 
========================================================================
Received Import Request.
  Time since last request: 0.750913 seconds.
  path: Assets/Off Axis Studios/Polyworks/Meshes/MaterialsOnly/Fences/Prop_Fence_Stone_Corner_01.fbx
  artifactKey: Guid(4c39307cbdab90e4e87e573362de5a89) Importer(815301076,1909f56bfc062723c751e8b465ee728b)
Start importing Assets/Off Axis Studios/Polyworks/Meshes/MaterialsOnly/Fences/Prop_Fence_Stone_Corner_01.fbx using Guid(4c39307cbdab90e4e87e573362de5a89) Importer(815301076,1909f56bfc062723c751e8b465ee728b)  -> (artifact id: '4832206296198b40c7adbba64f797a5b') in 0.039494 seconds 
========================================================================
Received Import Request.
  Time since last request: 0.000016 seconds.
  path: Assets/Off Axis Studios/Polyworks/Meshes/MaterialsOnly/Fences/Prop_Fence_Stone_Straight_02.fbx
  artifactKey: Guid(2381e28533a4f43429b4a1a7d3894bcc) Importer(815301076,1909f56bfc062723c751e8b465ee728b)
Start importing Assets/Off Axis Studios/Polyworks/Meshes/MaterialsOnly/Fences/Prop_Fence_Stone_Straight_02.fbx using Guid(2381e28533a4f43429b4a1a7d3894bcc) Importer(815301076,1909f56bfc062723c751e8b465ee728b)  -> (artifact id: 'a7659bd1d6de75fa365203747b922f6a') in 0.030532 seconds 
========================================================================
Received Import Request.
  Time since last request: 0.000024 seconds.
  path: Assets/Off Axis Studios/Polyworks/Meshes/MaterialsOnly/Fences/Prop_Fence_Wooden_Small_01.fbx
  artifactKey: Guid(ca493b44a14cd224caa9db6b9e923e38) Importer(815301076,1909f56bfc062723c751e8b465ee728b)
Start importing Assets/Off Axis Studios/Polyworks/Meshes/MaterialsOnly/Fences/Prop_Fence_Wooden_Small_01.fbx using Guid(ca493b44a14cd224caa9db6b9e923e38) Importer(815301076,1909f56bfc062723c751e8b465ee728b)  -> (artifact id: '9332b8c01cecc8e3eb21b5e95d064a68') in 0.038960 seconds 
========================================================================
Received Import Request.
  Time since last request: 0.000019 seconds.
  path: Assets/Off Axis Studios/Polyworks/Meshes/MaterialsOnly/Fences/Prop_Fence_Stone_Corner_03.fbx
  artifactKey: Guid(c87c9145e8f2e6c4d84e1de948da97ab) Importer(815301076,1909f56bfc062723c751e8b465ee728b)
Start importing Assets/Off Axis Studios/Polyworks/Meshes/MaterialsOnly/Fences/Prop_Fence_Stone_Corner_03.fbx using Guid(c87c9145e8f2e6c4d84e1de948da97ab) Importer(815301076,1909f56bfc062723c751e8b465ee728b)  -> (artifact id: '6a0b49435714ad73e977e2fcbffc38a3') in 0.034942 seconds 
========================================================================
Received Import Request.
  Time since last request: 0.920913 seconds.
  path: Assets/Off Axis Studios/Polyworks/Meshes/MaterialsOnly/Rocks/Rock_Boulder_Dirt_01.fbx
  artifactKey: Guid(04147cb2889cc304fbd9ae43d59c2c6c) Importer(815301076,1909f56bfc062723c751e8b465ee728b)
Start importing Assets/Off Axis Studios/Polyworks/Meshes/MaterialsOnly/Rocks/Rock_Boulder_Dirt_01.fbx using Guid(04147cb2889cc304fbd9ae43d59c2c6c) Importer(815301076,1909f56bfc062723c751e8b465ee728b)  -> (artifact id: '5b534c7bed1ef5adbf2a206bad2d4f10') in 0.034188 seconds 
========================================================================
Received Import Request.
  Time since last request: 0.000018 seconds.
  path: Assets/Off Axis Studios/Polyworks/Meshes/MaterialsOnly/Rocks/Rock_Geometric_Square_05.fbx
  artifactKey: Guid(bb729821b230efd42b9e92f5c9bb18d2) Importer(815301076,1909f56bfc062723c751e8b465ee728b)
Start importing Assets/Off Axis Studios/Polyworks/Meshes/MaterialsOnly/Rocks/Rock_Geometric_Square_05.fbx using Guid(bb729821b230efd42b9e92f5c9bb18d2) Importer(815301076,1909f56bfc062723c751e8b465ee728b)  -> (artifact id: 'ee57d8447e22922433e11560a15645cf') in 0.037887 seconds 
========================================================================
Received Import Request.
  Time since last request: 0.000027 seconds.
  path: Assets/Off Axis Studios/Polyworks/Meshes/MaterialsOnly/Rocks/Rock_Geometric_Square_01.fbx
  artifactKey: Guid(82c858e3e9f0d9643a576c3bb8d8ed89) Importer(815301076,1909f56bfc062723c751e8b465ee728b)
Start importing Assets/Off Axis Studios/Polyworks/Meshes/MaterialsOnly/Rocks/Rock_Geometric_Square_01.fbx using Guid(82c858e3e9f0d9643a576c3bb8d8ed89) Importer(815301076,1909f56bfc062723c751e8b465ee728b)  -> (artifact id: 'b6c9db5c6931ca14ae7e608c739eb65e') in 0.033811 seconds 
========================================================================
Received Import Request.
  Time since last request: 0.000019 seconds.
  path: Assets/Off Axis Studios/Polyworks/Meshes/MaterialsOnly/Rocks/Rock_Geometric_Square_03.fbx
  artifactKey: Guid(fa4a31e71fd7f024ba903010fda6a0c0) Importer(815301076,1909f56bfc062723c751e8b465ee728b)
Start importing Assets/Off Axis Studios/Polyworks/Meshes/MaterialsOnly/Rocks/Rock_Geometric_Square_03.fbx using Guid(fa4a31e71fd7f024ba903010fda6a0c0) Importer(815301076,1909f56bfc062723c751e8b465ee728b)  -> (artifact id: 'f17c4126b5a135f0f3918f5a60a29a2b') in 0.032875 seconds 
========================================================================
Received Import Request.
  Time since last request: 0.312132 seconds.
  path: Assets/Off Axis Studios/Polyworks/Meshes/MaterialsOnly/Statues/Prop_Statue_Aphrodite_02.fbx
  artifactKey: Guid(a98427b621c745b4f9d2bada460a22c8) Importer(815301076,1909f56bfc062723c751e8b465ee728b)
Start importing Assets/Off Axis Studios/Polyworks/Meshes/MaterialsOnly/Statues/Prop_Statue_Aphrodite_02.fbx using Guid(a98427b621c745b4f9d2bada460a22c8) Importer(815301076,1909f56bfc062723c751e8b465ee728b)  -> (artifact id: 'f9871a768980eb0096324965c82a9a69') in 0.033098 seconds 
========================================================================
Received Import Request.
  Time since last request: 0.000019 seconds.
  path: Assets/Off Axis Studios/Polyworks/Meshes/MaterialsOnly/Statues/Prop_Statue_Base_Rough_01.fbx
  artifactKey: Guid(c617c0954377aa045b8e4ba8ccee8624) Importer(815301076,1909f56bfc062723c751e8b465ee728b)
Start importing Assets/Off Axis Studios/Polyworks/Meshes/MaterialsOnly/Statues/Prop_Statue_Base_Rough_01.fbx using Guid(c617c0954377aa045b8e4ba8ccee8624) Importer(815301076,1909f56bfc062723c751e8b465ee728b)  -> (artifact id: 'a359e58770aa792219b7f0e2f9ccf472') in 0.031748 seconds 
========================================================================
Received Import Request.
  Time since last request: 0.000032 seconds.
  path: Assets/Off Axis Studios/Polyworks/Meshes/MaterialsOnly/Statues/Prop_Statue_Head_Tribal_01.fbx
  artifactKey: Guid(71ff94e058e5955498d86747ebcd1cfa) Importer(815301076,1909f56bfc062723c751e8b465ee728b)
Start importing Assets/Off Axis Studios/Polyworks/Meshes/MaterialsOnly/Statues/Prop_Statue_Head_Tribal_01.fbx using Guid(71ff94e058e5955498d86747ebcd1cfa) Importer(815301076,1909f56bfc062723c751e8b465ee728b)  -> (artifact id: 'f869ca8c562f92f5f2f59b0357a151d6') in 0.058205 seconds 
========================================================================
Received Import Request.
  Time since last request: 0.000021 seconds.
  path: Assets/Off Axis Studios/Polyworks/Meshes/MaterialsOnly/Statues/Prop_Statue_Aphrodite_Bust_01.fbx
  artifactKey: Guid(19168a5c867594f4baa0270e9f876fbb) Importer(815301076,1909f56bfc062723c751e8b465ee728b)
Start importing Assets/Off Axis Studios/Polyworks/Meshes/MaterialsOnly/Statues/Prop_Statue_Aphrodite_Bust_01.fbx using Guid(19168a5c867594f4baa0270e9f876fbb) Importer(815301076,1909f56bfc062723c751e8b465ee728b)  -> (artifact id: '8343331fce78218a4bfbf39631b2b6c0') in 0.035100 seconds 
========================================================================
Received Import Request.
  Time since last request: 0.346904 seconds.
  path: Assets/Off Axis Studios/Polyworks/Meshes/MaterialsOnly/Terrain/Terrain_Modular_Tiles_Dirt_Stairs_02.fbx
  artifactKey: Guid(6f61cdf0619802c4c932a5f7316b44b7) Importer(815301076,1909f56bfc062723c751e8b465ee728b)
Start importing Assets/Off Axis Studios/Polyworks/Meshes/MaterialsOnly/Terrain/Terrain_Modular_Tiles_Dirt_Stairs_02.fbx using Guid(6f61cdf0619802c4c932a5f7316b44b7) Importer(815301076,1909f56bfc062723c751e8b465ee728b)  -> (artifact id: '2a1e81b4e5452de24c4e2a9a42d42f12') in 0.032930 seconds 
========================================================================
Received Import Request.
  Time since last request: 0.000017 seconds.
  path: Assets/Off Axis Studios/Polyworks/Meshes/MaterialsOnly/Terrain/Terrain_Modular_Tiles_Grass_Rock_Stairs_02.fbx
  artifactKey: Guid(19dce0b14538f3544ad38cbe5a347ec9) Importer(815301076,1909f56bfc062723c751e8b465ee728b)
Start importing Assets/Off Axis Studios/Polyworks/Meshes/MaterialsOnly/Terrain/Terrain_Modular_Tiles_Grass_Rock_Stairs_02.fbx using Guid(19dce0b14538f3544ad38cbe5a347ec9) Importer(815301076,1909f56bfc062723c751e8b465ee728b)  -> (artifact id: '02ff50ca790d9a5e694db1f6905024fe') in 0.049702 seconds 
========================================================================
Received Import Request.
  Time since last request: 0.000017 seconds.
  path: Assets/Off Axis Studios/Polyworks/Meshes/MaterialsOnly/Terrain/Terrain_Modular_Tiles_Grass_Dirt_Stairs_02.fbx
  artifactKey: Guid(1bc4bd27b60ceef4489f5ff70314cb73) Importer(815301076,1909f56bfc062723c751e8b465ee728b)
Start importing Assets/Off Axis Studios/Polyworks/Meshes/MaterialsOnly/Terrain/Terrain_Modular_Tiles_Grass_Dirt_Stairs_02.fbx using Guid(1bc4bd27b60ceef4489f5ff70314cb73) Importer(815301076,1909f56bfc062723c751e8b465ee728b)  -> (artifact id: 'ce7232e3d0df01f8f9ea1d78083f4646') in 0.032782 seconds 
========================================================================
Received Import Request.
  Time since last request: 0.000019 seconds.
  path: Assets/Off Axis Studios/Polyworks/Meshes/MaterialsOnly/Terrain/Terrain_Modular_Tiles_Grass_Dirt_Stairs_01.fbx
  artifactKey: Guid(53d7eb778b5016b43bf3cfb434c364fe) Importer(815301076,1909f56bfc062723c751e8b465ee728b)
Start importing Assets/Off Axis Studios/Polyworks/Meshes/MaterialsOnly/Terrain/Terrain_Modular_Tiles_Grass_Dirt_Stairs_01.fbx using Guid(53d7eb778b5016b43bf3cfb434c364fe) Importer(815301076,1909f56bfc062723c751e8b465ee728b)  -> (artifact id: '0071418aa1ccff18363e41cf193dab8a') in 0.032465 seconds 
========================================================================
Received Prepare
Registering precompiled user dll's ...
Registered in 0.005563 seconds.
Begin MonoManager ReloadAssembly
Native extension for WindowsStandalone target not found
Native extension for WebGL target not found
Refreshing native plugins compatible for Editor in 0.55 ms, found 2 plugins.
Preloading 0 native plugins for Editor in 0.00 ms.
Warning: Annotation not found!
UnityEngine.StackTraceUtility:ExtractStackTrace ()
UnityEditor.ProBuilder.EditorUtility:SetGizmoIconEnabled (System.Type,bool) (at Library/PackageCache/com.unity.probuilder@5.0.3/Editor/EditorCore/EditorUtility.cs:575)
UnityEditor.ProBuilder.HierarchyListener:.cctor () (at Library/PackageCache/com.unity.probuilder@5.0.3/Editor/EditorCore/HierarchyListener.cs:21)
System.Runtime.CompilerServices.RuntimeHelpers:RunClassConstructor (System.RuntimeTypeHandle)
UnityEditor.EditorAssemblies:ProcessInitializeOnLoadAttributes (System.Type[])

[Library/PackageCache/com.unity.probuilder@5.0.3/Editor/EditorCore/EditorUtility.cs line 575]

Mono: successfully reloaded assembly
- Completed reload, in  0.819 seconds
Domain Reload Profiling:
	ReloadAssembly (820ms)
		BeginReloadAssembly (125ms)
			ExecutionOrderSort (0ms)
			DisableScriptedObjects (4ms)
			BackupInstance (0ms)
			ReleaseScriptingObjects (0ms)
			CreateAndSetChildDomain (29ms)
		EndReloadAssembly (605ms)
			LoadAssemblies (72ms)
			RebuildTransferFunctionScriptingTraits (0ms)
			SetupTypeCache (166ms)
			ReleaseScriptCaches (1ms)
			RebuildScriptCaches (38ms)
			SetupLoadedEditorAssemblies (290ms)
				LogAssemblyErrors (0ms)
				InitializePlatformSupportModulesInManaged (5ms)
				SetLoadedEditorAssemblies (0ms)
				RefreshPlugins (1ms)
				BeforeProcessingInitializeOnLoad (39ms)
				ProcessInitializeOnLoadAttributes (215ms)
				ProcessInitializeOnLoadMethodAttributes (21ms)
				AfterProcessingInitializeOnLoad (8ms)
				EditorAssembliesLoaded (0ms)
			ExecutionOrderSort2 (0ms)
			AwakeInstancesAfterBackupRestoration (8ms)
Platform modules already initialized, skipping
Refreshing native plugins compatible for Editor in 1.66 ms, found 2 plugins.
Preloading 0 native plugins for Editor in 0.00 ms.
Unloading 1895 Unused Serialized files (Serialized files now loaded: 0)
Unloading 24 unused Assets / (1.3 MB). Loaded Objects now: 2453.
Memory consumption went from 100.1 MB to 98.8 MB.
Total: 2.609000 ms (FindLiveObjects: 0.139700 ms CreateObjectMapping: 0.038400 ms MarkObjects: 2.184600 ms  DeleteObjects: 0.244900 ms)

AssetImportParameters requested are different than current active one (requested -> active):
  custom:video-decoder-ogg-theora: a1e56fd34408186e4bbccfd4996cb3dc -> 
  custom:container-muxer-webm: aa71ff27fc2769a1b78a27578f13a17b -> 
  custom:container-demuxer-webm: 4f35f7cbe854078d1ac9338744f61a02 -> 
  custom:video-encoder-webm-vp8: eb34c28f22e8b96e1ab97ce403110664 -> 
  custom:audio-encoder-webm-vorbis: bf7c407c2cedff20999df2af8eb42d56 -> 
  custom:framework-win-MediaFoundation: 216162199b28c13a410421893ffa2e32 -> 
  custom:container-demuxer-ogg: 62fdf1f143b41e24485cea50d1cbac27 -> 
  custom:video-decoder-webm-vp8: 9c59270c3fd7afecdb556c50c9e8de78 -> 
  custom:audio-decoder-ogg-vorbis: bf7c407c2cedff20999df2af8eb42d56 -> 
Editor requested this worker to shutdown with reason: Scaling down because of idle timeout
AssetImportWorker is now disconnected from the server
Process exiting
Exiting without the bug reporter. Application will terminate with return code 0