Using pre-set license
Built from '2021.3/china_unity/release' branch; Version is '2021.3.20f1c1 (7cf0fbd73406) revision 8188155'; Using compiler version '192829333'; Build Type 'Release'
OS: 'Windows 10  (10.0.19044) 64bit CoreCountrySpecific' Language: 'zh' Physical Memory: 16125 MB
BatchMode: 1, IsHumanControllingUs: 0, StartBugReporterOnCrash: 0, Is64bit: 1, IsPro: 1

COMMAND LINE ARGUMENTS:
D:\Unity Hub Editor\2021.3.20f1c1\Editor\Unity.exe
-adb2
-batchMode
-noUpm
-name
AssetImportWorker0
-projectPath
D:/Unity Projects/master/MonumentValley-LevelDesign
-logFile
Logs/AssetImportWorker0.log
-srvPort
64441
Successfully changed project path to: D:/Unity Projects/master/MonumentValley-LevelDesign
D:/Unity Projects/master/MonumentValley-LevelDesign
[UnityMemory] Configuration Parameters - Can be set up in boot.config
    "memorysetup-bucket-allocator-granularity=16"
    "memorysetup-bucket-allocator-bucket-count=8"
    "memorysetup-bucket-allocator-block-size=33554432"
    "memorysetup-bucket-allocator-block-count=8"
    "memorysetup-main-allocator-block-size=16777216"
    "memorysetup-thread-allocator-block-size=16777216"
    "memorysetup-gfx-main-allocator-block-size=16777216"
    "memorysetup-gfx-thread-allocator-block-size=16777216"
    "memorysetup-cache-allocator-block-size=4194304"
    "memorysetup-typetree-allocator-block-size=2097152"
    "memorysetup-profiler-bucket-allocator-granularity=16"
    "memorysetup-profiler-bucket-allocator-bucket-count=8"
    "memorysetup-profiler-bucket-allocator-block-size=33554432"
    "memorysetup-profiler-bucket-allocator-block-count=8"
    "memorysetup-profiler-allocator-block-size=16777216"
    "memorysetup-profiler-editor-allocator-block-size=1048576"
    "memorysetup-temp-allocator-size-main=16777216"
    "memorysetup-job-temp-allocator-block-size=2097152"
    "memorysetup-job-temp-allocator-block-size-background=1048576"
    "memorysetup-job-temp-allocator-reduction-small-platforms=262144"
    "memorysetup-temp-allocator-size-background-worker=32768"
    "memorysetup-temp-allocator-size-job-worker=262144"
    "memorysetup-temp-allocator-size-preload-manager=33554432"
    "memorysetup-temp-allocator-size-nav-mesh-worker=65536"
    "memorysetup-temp-allocator-size-audio-worker=65536"
    "memorysetup-temp-allocator-size-cloud-worker=32768"
    "memorysetup-temp-allocator-size-gi-baking-worker=262144"
    "memorysetup-temp-allocator-size-gfx=262144"
Player connection [3576] Host "[IP] 192.168.175.1 [Port] 0 [Flags] 2 [Guid] 673743358 [EditorId] 673743358 [Version] 1048832 [Id] WindowsEditor(7,DESKTOP-K16J9TC) [Debug] 1 [PackageName] WindowsEditor [ProjectName] Editor" joined multi-casting on [225.0.0.222:54997]...

Player connection [3576] Host "[IP] 192.168.175.1 [Port] 0 [Flags] 2 [Guid] 673743358 [EditorId] 673743358 [Version] 1048832 [Id] WindowsEditor(7,DESKTOP-K16J9TC) [Debug] 1 [PackageName] WindowsEditor [ProjectName] Editor" joined alternative multi-casting on [225.0.0.222:34997]...

AS: AutoStreaming module initializing.
Refreshing native plugins compatible for Editor in 48.29 ms, found 2 plugins.
Preloading 0 native plugins for Editor in 0.00 ms.
Initialize engine version: 2021.3.20f1c1 (7cf0fbd73406)
[Subsystems] Discovering subsystems at path D:/Unity Hub Editor/2021.3.20f1c1/Editor/Data/Resources/UnitySubsystems
[Subsystems] Discovering subsystems at path D:/Unity Projects/master/MonumentValley-LevelDesign/Assets
GfxDevice: creating device client; threaded=0; jobified=0
Direct3D:
    Version:  Direct3D 11.0 [level 11.1]
    Renderer: NVIDIA GeForce RTX 3060 Laptop GPU (ID=0x2520)
    Vendor:   NVIDIA
    VRAM:     6023 MB
    Driver:   30.0.15.1289
Initialize mono
Mono path[0] = 'D:/Unity Hub Editor/2021.3.20f1c1/Editor/Data/Managed'
Mono path[1] = 'D:/Unity Hub Editor/2021.3.20f1c1/Editor/Data/MonoBleedingEdge/lib/mono/unityjit-win32'
Mono config path = 'D:/Unity Hub Editor/2021.3.20f1c1/Editor/Data/MonoBleedingEdge/etc'
Using monoOptions --debugger-agent=transport=dt_socket,embedding=1,server=y,suspend=n,address=127.0.0.1:56376
Begin MonoManager ReloadAssembly
Registering precompiled unity dll's ...
Register platform support module: D:/Unity Hub Editor/2021.3.20f1c1/Editor/Data/PlaybackEngines/WebGLSupport/UnityEditor.WebGL.Extensions.dll
Register platform support module: D:/Unity Hub Editor/2021.3.20f1c1/Editor/Data/PlaybackEngines/WindowsStandaloneSupport/UnityEditor.WindowsStandalone.Extensions.dll
Registered in 0.002965 seconds.
Native extension for WindowsStandalone target not found
Native extension for WebGL target not found
Refreshing native plugins compatible for Editor in 48.84 ms, found 2 plugins.
Preloading 0 native plugins for Editor in 0.00 ms.
Mono: successfully reloaded assembly
- Completed reload, in  0.530 seconds
Domain Reload Profiling:
	ReloadAssembly (530ms)
		BeginReloadAssembly (73ms)
			ExecutionOrderSort (0ms)
			DisableScriptedObjects (0ms)
			BackupInstance (0ms)
			ReleaseScriptingObjects (0ms)
			CreateAndSetChildDomain (1ms)
		EndReloadAssembly (372ms)
			LoadAssemblies (71ms)
			RebuildTransferFunctionScriptingTraits (0ms)
			SetupTypeCache (102ms)
			ReleaseScriptCaches (0ms)
			RebuildScriptCaches (19ms)
			SetupLoadedEditorAssemblies (208ms)
				LogAssemblyErrors (0ms)
				InitializePlatformSupportModulesInManaged (6ms)
				SetLoadedEditorAssemblies (0ms)
				RefreshPlugins (49ms)
				BeforeProcessingInitializeOnLoad (1ms)
				ProcessInitializeOnLoadAttributes (112ms)
				ProcessInitializeOnLoadMethodAttributes (40ms)
				AfterProcessingInitializeOnLoad (0ms)
				EditorAssembliesLoaded (0ms)
			ExecutionOrderSort2 (0ms)
			AwakeInstancesAfterBackupRestoration (0ms)
Platform modules already initialized, skipping
Registering precompiled user dll's ...
Registered in 0.003842 seconds.
Begin MonoManager ReloadAssembly
Native extension for WindowsStandalone target not found
Native extension for WebGL target not found
Refreshing native plugins compatible for Editor in 0.57 ms, found 2 plugins.
Preloading 0 native plugins for Editor in 0.00 ms.
Mono: successfully reloaded assembly
- Completed reload, in  0.842 seconds
Domain Reload Profiling:
	ReloadAssembly (842ms)
		BeginReloadAssembly (104ms)
			ExecutionOrderSort (0ms)
			DisableScriptedObjects (4ms)
			BackupInstance (0ms)
			ReleaseScriptingObjects (0ms)
			CreateAndSetChildDomain (18ms)
		EndReloadAssembly (630ms)
			LoadAssemblies (71ms)
			RebuildTransferFunctionScriptingTraits (0ms)
			SetupTypeCache (156ms)
			ReleaseScriptCaches (0ms)
			RebuildScriptCaches (37ms)
			SetupLoadedEditorAssemblies (331ms)
				LogAssemblyErrors (0ms)
				InitializePlatformSupportModulesInManaged (6ms)
				SetLoadedEditorAssemblies (0ms)
				RefreshPlugins (1ms)
				BeforeProcessingInitializeOnLoad (50ms)
				ProcessInitializeOnLoadAttributes (251ms)
				ProcessInitializeOnLoadMethodAttributes (17ms)
				AfterProcessingInitializeOnLoad (5ms)
				EditorAssembliesLoaded (0ms)
			ExecutionOrderSort2 (0ms)
			AwakeInstancesAfterBackupRestoration (5ms)
Platform modules already initialized, skipping
========================================================================
Worker process is ready to serve import requests
Launched and connected shader compiler UnityShaderCompiler.exe after 0.03 seconds
Refreshing native plugins compatible for Editor in 0.49 ms, found 2 plugins.
Preloading 0 native plugins for Editor in 0.00 ms.
Unloading 1963 Unused Serialized files (Serialized files now loaded: 0)
Unloading 94 unused Assets / (1.3 MB). Loaded Objects now: 2422.
Memory consumption went from 103.2 MB to 101.9 MB.
Total: 2.662900 ms (FindLiveObjects: 0.160400 ms CreateObjectMapping: 0.049900 ms MarkObjects: 2.143500 ms  DeleteObjects: 0.308100 ms)

AssetImportParameters requested are different than current active one (requested -> active):
  custom:video-decoder-ogg-theora: a1e56fd34408186e4bbccfd4996cb3dc -> 
  custom:container-muxer-webm: aa71ff27fc2769a1b78a27578f13a17b -> 
  custom:container-demuxer-webm: 4f35f7cbe854078d1ac9338744f61a02 -> 
  custom:video-encoder-webm-vp8: eb34c28f22e8b96e1ab97ce403110664 -> 
  custom:audio-encoder-webm-vorbis: bf7c407c2cedff20999df2af8eb42d56 -> 
  custom:framework-win-MediaFoundation: 216162199b28c13a410421893ffa2e32 -> 
  custom:container-demuxer-ogg: 62fdf1f143b41e24485cea50d1cbac27 -> 
  custom:video-decoder-webm-vp8: 9c59270c3fd7afecdb556c50c9e8de78 -> 
  custom:audio-decoder-ogg-vorbis: bf7c407c2cedff20999df2af8eb42d56 -> 
========================================================================
Received Import Request.
  Time since last request: 6361.006873 seconds.
  path: Assets/Off Axis Studios/Polyworks/Prefabs/MaterialsOnly/Crystals/Prop_Crystal_Singular_Purple_09.prefab
  artifactKey: Guid(98eadc71c3d729242a25d7e843f87f20) Importer(815301076,1909f56bfc062723c751e8b465ee728b)
Start importing Assets/Off Axis Studios/Polyworks/Prefabs/MaterialsOnly/Crystals/Prop_Crystal_Singular_Purple_09.prefab using Guid(98eadc71c3d729242a25d7e843f87f20) Importer(815301076,1909f56bfc062723c751e8b465ee728b)  -> (artifact id: 'd92484e56d8a20169f9ee69ee563a2b9') in 0.143744 seconds 
========================================================================
Received Import Request.
  Time since last request: 0.000031 seconds.
  path: Assets/Off Axis Studios/Polyworks/Prefabs/MaterialsOnly/Handrails/Prop_Handrail_Stone_03.prefab
  artifactKey: Guid(982e871c85b5a6243af3fda04c66fb14) Importer(815301076,1909f56bfc062723c751e8b465ee728b)
Start importing Assets/Off Axis Studios/Polyworks/Prefabs/MaterialsOnly/Handrails/Prop_Handrail_Stone_03.prefab using Guid(982e871c85b5a6243af3fda04c66fb14) Importer(815301076,1909f56bfc062723c751e8b465ee728b)  -> (artifact id: '0174210a86cfb928bf919bbb80120550') in 0.055699 seconds 
========================================================================
Received Import Request.
  Time since last request: 0.000030 seconds.
  path: Assets/Off Axis Studios/Polyworks/Prefabs/MaterialsOnly/Handrails/Prop_Handrail_Stone_08.prefab
  artifactKey: Guid(82ad318a747b56e41b7d978cc9c72d46) Importer(815301076,1909f56bfc062723c751e8b465ee728b)
Start importing Assets/Off Axis Studios/Polyworks/Prefabs/MaterialsOnly/Handrails/Prop_Handrail_Stone_08.prefab using Guid(82ad318a747b56e41b7d978cc9c72d46) Importer(815301076,1909f56bfc062723c751e8b465ee728b)  -> (artifact id: 'e63fa54043d2ce57482acccde93e9450') in 0.033957 seconds 
========================================================================
Received Import Request.
  Time since last request: 0.000040 seconds.
  path: Assets/Off Axis Studios/Polyworks/Prefabs/MaterialsOnly/Fences/Prop_Fence_Stone_Straight_01.prefab
  artifactKey: Guid(20183340dd493dd4bb608038743698b2) Importer(815301076,1909f56bfc062723c751e8b465ee728b)
Start importing Assets/Off Axis Studios/Polyworks/Prefabs/MaterialsOnly/Fences/Prop_Fence_Stone_Straight_01.prefab using Guid(20183340dd493dd4bb608038743698b2) Importer(815301076,1909f56bfc062723c751e8b465ee728b)  -> (artifact id: '4e13d338bc78c8155d20f909f28f3f7f') in 0.057649 seconds 
========================================================================
Received Import Request.
  Time since last request: 0.000116 seconds.
  path: Assets/Off Axis Studios/Polyworks/Prefabs/MaterialsOnly/Fences/Prop_Fence_Stone_Column_01.prefab
  artifactKey: Guid(bcca7ac6987d94a49ae020cf8904cf82) Importer(815301076,1909f56bfc062723c751e8b465ee728b)
Start importing Assets/Off Axis Studios/Polyworks/Prefabs/MaterialsOnly/Fences/Prop_Fence_Stone_Column_01.prefab using Guid(bcca7ac6987d94a49ae020cf8904cf82) Importer(815301076,1909f56bfc062723c751e8b465ee728b)  -> (artifact id: 'd8b4cd8f9dc3414ab642a6c97ad03abb') in 0.036229 seconds 
========================================================================
Received Import Request.
  Time since last request: 0.000024 seconds.
  path: Assets/Off Axis Studios/Polyworks/Prefabs/MaterialsOnly/Fences/Prop_Fence_Stone_Corner_03.prefab
  artifactKey: Guid(8396f7e2b64870541b343d0a2cba9cae) Importer(815301076,1909f56bfc062723c751e8b465ee728b)
Start importing Assets/Off Axis Studios/Polyworks/Prefabs/MaterialsOnly/Fences/Prop_Fence_Stone_Corner_03.prefab using Guid(8396f7e2b64870541b343d0a2cba9cae) Importer(815301076,1909f56bfc062723c751e8b465ee728b)  -> (artifact id: 'cc189f882156605326b5a1bccffcf5b7') in 0.036527 seconds 
========================================================================
Received Import Request.
  Time since last request: 0.000029 seconds.
  path: Assets/Off Axis Studios/Polyworks/Prefabs/MaterialsOnly/Fences/Prop_Fence_Stone_Corner_02.prefab
  artifactKey: Guid(8889e3e7412d4f7428cf8072eff95974) Importer(815301076,1909f56bfc062723c751e8b465ee728b)
Start importing Assets/Off Axis Studios/Polyworks/Prefabs/MaterialsOnly/Fences/Prop_Fence_Stone_Corner_02.prefab using Guid(8889e3e7412d4f7428cf8072eff95974) Importer(815301076,1909f56bfc062723c751e8b465ee728b)  -> (artifact id: '3b5abefba64f5150fda4dca333479db7') in 0.043866 seconds 
========================================================================
Received Import Request.
  Time since last request: 0.000183 seconds.
  path: Assets/Off Axis Studios/Polyworks/Prefabs/MaterialsOnly/Handrails/Prop_Handrail_Stone_02.prefab
  artifactKey: Guid(e50339d19b277e444a600da6f4e9b3f5) Importer(815301076,1909f56bfc062723c751e8b465ee728b)
Start importing Assets/Off Axis Studios/Polyworks/Prefabs/MaterialsOnly/Handrails/Prop_Handrail_Stone_02.prefab using Guid(e50339d19b277e444a600da6f4e9b3f5) Importer(815301076,1909f56bfc062723c751e8b465ee728b)  -> (artifact id: 'ec0521481252b101af7df55410498634') in 0.036391 seconds 
========================================================================
Received Import Request.
  Time since last request: 0.000050 seconds.
  path: Assets/Off Axis Studios/Polyworks/Prefabs/MaterialsOnly/Handrails/Prop_Handrail_Stone_06.prefab
  artifactKey: Guid(f859e550145af554b884fc1073961427) Importer(815301076,1909f56bfc062723c751e8b465ee728b)
Start importing Assets/Off Axis Studios/Polyworks/Prefabs/MaterialsOnly/Handrails/Prop_Handrail_Stone_06.prefab using Guid(f859e550145af554b884fc1073961427) Importer(815301076,1909f56bfc062723c751e8b465ee728b)  -> (artifact id: '0cc34a082b881a16160ceb4b5242f83c') in 0.036804 seconds 
========================================================================
Received Import Request.
  Time since last request: 0.000028 seconds.
  path: Assets/Off Axis Studios/Polyworks/Prefabs/MaterialsOnly/Fences/Prop_Fence_Wooden_Small_03.prefab
  artifactKey: Guid(c52947fcb24617243a1fd1dfcfa2c015) Importer(815301076,1909f56bfc062723c751e8b465ee728b)
Start importing Assets/Off Axis Studios/Polyworks/Prefabs/MaterialsOnly/Fences/Prop_Fence_Wooden_Small_03.prefab using Guid(c52947fcb24617243a1fd1dfcfa2c015) Importer(815301076,1909f56bfc062723c751e8b465ee728b)  -> (artifact id: '40673f349b11870a84736051386cbcb3') in 0.031077 seconds 
========================================================================
Received Import Request.
  Time since last request: 0.000033 seconds.
  path: Assets/Off Axis Studios/Polyworks/Prefabs/MaterialsOnly/Fences/Prop_Fence_Wooden_Small_04.prefab
  artifactKey: Guid(45b309e12f28fd0419c7a58038b70d72) Importer(815301076,1909f56bfc062723c751e8b465ee728b)
Start importing Assets/Off Axis Studios/Polyworks/Prefabs/MaterialsOnly/Fences/Prop_Fence_Wooden_Small_04.prefab using Guid(45b309e12f28fd0419c7a58038b70d72) Importer(815301076,1909f56bfc062723c751e8b465ee728b)  -> (artifact id: '930068151aed2df1787ebe1ae360b6ad') in 0.032480 seconds 
========================================================================
Received Import Request.
  Time since last request: 0.000047 seconds.
  path: Assets/Off Axis Studios/Polyworks/Prefabs/MaterialsOnly/Handrails/Prop_Handrail_Stone_05.prefab
  artifactKey: Guid(f488d2346fce20840aa46fd1a6b06450) Importer(815301076,1909f56bfc062723c751e8b465ee728b)
Start importing Assets/Off Axis Studios/Polyworks/Prefabs/MaterialsOnly/Handrails/Prop_Handrail_Stone_05.prefab using Guid(f488d2346fce20840aa46fd1a6b06450) Importer(815301076,1909f56bfc062723c751e8b465ee728b)  -> (artifact id: 'a806743ef171f9d013d4454a40bc6395') in 0.030739 seconds 
========================================================================
Received Import Request.
  Time since last request: 3.900027 seconds.
  path: Assets/Off Axis Studios/Polyworks/Prefabs/MaterialsOnly/Props General/Prop_Balloon_01.prefab
  artifactKey: Guid(8e9bba26028616147ab8a2c26bd9960e) Importer(815301076,1909f56bfc062723c751e8b465ee728b)
Start importing Assets/Off Axis Studios/Polyworks/Prefabs/MaterialsOnly/Props General/Prop_Balloon_01.prefab using Guid(8e9bba26028616147ab8a2c26bd9960e) Importer(815301076,1909f56bfc062723c751e8b465ee728b)  -> (artifact id: '6831dc483535c11c7eb2936ab4c08d43') in 0.031763 seconds 
========================================================================
Received Import Request.
  Time since last request: 0.000019 seconds.
  path: Assets/Off Axis Studios/Polyworks/Prefabs/MaterialsOnly/Props General/Prop_Mantle_Deer_01.prefab
  artifactKey: Guid(4bfaacf5c1f43df4ab0ee67ad49503f1) Importer(815301076,1909f56bfc062723c751e8b465ee728b)
Start importing Assets/Off Axis Studios/Polyworks/Prefabs/MaterialsOnly/Props General/Prop_Mantle_Deer_01.prefab using Guid(4bfaacf5c1f43df4ab0ee67ad49503f1) Importer(815301076,1909f56bfc062723c751e8b465ee728b)  -> (artifact id: 'c543ec5ba5c0d52c2353ded54b924007') in 0.062542 seconds 
========================================================================
Received Import Request.
  Time since last request: 0.000022 seconds.
  path: Assets/Off Axis Studios/Polyworks/Prefabs/MaterialsOnly/Props General/Prop_Mantle_Deer_Stone_01.prefab
  artifactKey: Guid(7a5907d464ca9e547a583eea5671f5de) Importer(815301076,1909f56bfc062723c751e8b465ee728b)
Start importing Assets/Off Axis Studios/Polyworks/Prefabs/MaterialsOnly/Props General/Prop_Mantle_Deer_Stone_01.prefab using Guid(7a5907d464ca9e547a583eea5671f5de) Importer(815301076,1909f56bfc062723c751e8b465ee728b)  -> (artifact id: '3331a16c70154046741263cc644fb896') in 0.028480 seconds 
========================================================================
Received Import Request.
  Time since last request: 0.000043 seconds.
  path: Assets/Off Axis Studios/Polyworks/Prefabs/MaterialsOnly/Props General/Prop_Ornament_Pagoda_01.prefab
  artifactKey: Guid(72c336f965afbf54e9de3256c92a5f96) Importer(815301076,1909f56bfc062723c751e8b465ee728b)
Start importing Assets/Off Axis Studios/Polyworks/Prefabs/MaterialsOnly/Props General/Prop_Ornament_Pagoda_01.prefab using Guid(72c336f965afbf54e9de3256c92a5f96) Importer(815301076,1909f56bfc062723c751e8b465ee728b)  -> (artifact id: 'f0135aad5924690ad4266d57e05cfebe') in 0.020007 seconds 
========================================================================
Received Import Request.
  Time since last request: 0.935688 seconds.
  path: Assets/Off Axis Studios/Polyworks/Prefabs/MaterialsOnly/Rocks/Rock_Boulder_Dirt_01.prefab
  artifactKey: Guid(af626a366bdf91744aef2f45ec995785) Importer(815301076,1909f56bfc062723c751e8b465ee728b)
Start importing Assets/Off Axis Studios/Polyworks/Prefabs/MaterialsOnly/Rocks/Rock_Boulder_Dirt_01.prefab using Guid(af626a366bdf91744aef2f45ec995785) Importer(815301076,1909f56bfc062723c751e8b465ee728b)  -> (artifact id: '14a01457b9028083a887c01c7e9071d5') in 0.025465 seconds 
========================================================================
Received Import Request.
  Time since last request: 0.000016 seconds.
  path: Assets/Off Axis Studios/Polyworks/Prefabs/MaterialsOnly/Rocks/Rock_Geometric_Square_06.prefab
  artifactKey: Guid(ca8f27997e3ba804ebac37d65a0c9efd) Importer(815301076,1909f56bfc062723c751e8b465ee728b)
Start importing Assets/Off Axis Studios/Polyworks/Prefabs/MaterialsOnly/Rocks/Rock_Geometric_Square_06.prefab using Guid(ca8f27997e3ba804ebac37d65a0c9efd) Importer(815301076,1909f56bfc062723c751e8b465ee728b)  -> (artifact id: 'e267bf57d785cebf20d41efae2df0ace') in 0.018672 seconds 
========================================================================
Received Import Request.
  Time since last request: 0.000016 seconds.
  path: Assets/Off Axis Studios/Polyworks/Prefabs/MaterialsOnly/Rocks/Rock_Geometric_Square_12.prefab
  artifactKey: Guid(77a4922737aa47045aae4e5b7ca69244) Importer(815301076,1909f56bfc062723c751e8b465ee728b)
Start importing Assets/Off Axis Studios/Polyworks/Prefabs/MaterialsOnly/Rocks/Rock_Geometric_Square_12.prefab using Guid(77a4922737aa47045aae4e5b7ca69244) Importer(815301076,1909f56bfc062723c751e8b465ee728b)  -> (artifact id: 'cdff5bcae0a58e2614a187339c8b163c') in 0.019721 seconds 
========================================================================
Received Import Request.
  Time since last request: 0.000035 seconds.
  path: Assets/Off Axis Studios/Polyworks/Prefabs/MaterialsOnly/Rocks/Rock_Geometric_Square_09.prefab
  artifactKey: Guid(0d3f1243a9a26484f93aa79ba6c9bf78) Importer(815301076,1909f56bfc062723c751e8b465ee728b)
Start importing Assets/Off Axis Studios/Polyworks/Prefabs/MaterialsOnly/Rocks/Rock_Geometric_Square_09.prefab using Guid(0d3f1243a9a26484f93aa79ba6c9bf78) Importer(815301076,1909f56bfc062723c751e8b465ee728b)  -> (artifact id: '6e55275798cbdbf183a7135eb51d7ee8') in 0.021008 seconds 
========================================================================
Received Import Request.
  Time since last request: 0.545311 seconds.
  path: Assets/Off Axis Studios/Polyworks/Prefabs/MaterialsOnly/Ruins/Prop_Ruins_Archway_Sandstone_Half_02.prefab
  artifactKey: Guid(a3be65c840a8a164da25973d249a5079) Importer(815301076,1909f56bfc062723c751e8b465ee728b)
Start importing Assets/Off Axis Studios/Polyworks/Prefabs/MaterialsOnly/Ruins/Prop_Ruins_Archway_Sandstone_Half_02.prefab using Guid(a3be65c840a8a164da25973d249a5079) Importer(815301076,1909f56bfc062723c751e8b465ee728b)  -> (artifact id: '16869392ce27f5888f325e0a8d444d75') in 0.021705 seconds 
========================================================================
Received Import Request.
  Time since last request: 0.000016 seconds.
  path: Assets/Off Axis Studios/Polyworks/Prefabs/MaterialsOnly/Ruins/Prop_Ruins_Bridge_Stone_Piece_02.prefab
  artifactKey: Guid(cab4ff5443ff2824d8d42f3d6defd69a) Importer(815301076,1909f56bfc062723c751e8b465ee728b)
Start importing Assets/Off Axis Studios/Polyworks/Prefabs/MaterialsOnly/Ruins/Prop_Ruins_Bridge_Stone_Piece_02.prefab using Guid(cab4ff5443ff2824d8d42f3d6defd69a) Importer(815301076,1909f56bfc062723c751e8b465ee728b)  -> (artifact id: '374562eb7117eedf97cf2395d4dd8e90') in 0.031262 seconds 
========================================================================
Received Import Request.
  Time since last request: 0.000024 seconds.
  path: Assets/Off Axis Studios/Polyworks/Prefabs/MaterialsOnly/Ruins/Prop_Stairs_Grand_Sandstone_02.prefab
  artifactKey: Guid(65df5a83175f65e48a8b6a6b0c69b3ae) Importer(815301076,1909f56bfc062723c751e8b465ee728b)
Start importing Assets/Off Axis Studios/Polyworks/Prefabs/MaterialsOnly/Ruins/Prop_Stairs_Grand_Sandstone_02.prefab using Guid(65df5a83175f65e48a8b6a6b0c69b3ae) Importer(815301076,1909f56bfc062723c751e8b465ee728b)  -> (artifact id: '604f71b4453b5319d864ecc0eada4ce9') in 0.019902 seconds 
========================================================================
Received Import Request.
  Time since last request: 0.000032 seconds.
  path: Assets/Off Axis Studios/Polyworks/Prefabs/MaterialsOnly/Ruins/Prop_Ruins_Building_Temple_Tower_Stone_01.prefab
  artifactKey: Guid(3fab6e4c3b16d1640be1852652362b67) Importer(815301076,1909f56bfc062723c751e8b465ee728b)
Start importing Assets/Off Axis Studios/Polyworks/Prefabs/MaterialsOnly/Ruins/Prop_Ruins_Building_Temple_Tower_Stone_01.prefab using Guid(3fab6e4c3b16d1640be1852652362b67) Importer(815301076,1909f56bfc062723c751e8b465ee728b)  -> (artifact id: '30a817837f1b021e13155e1145fe2870') in 0.027655 seconds 
========================================================================
Received Import Request.
  Time since last request: 0.428403 seconds.
  path: Assets/Off Axis Studios/Polyworks/Prefabs/MaterialsOnly/Statues/Prop_Statue_Aphrodite_02.prefab
  artifactKey: Guid(58d34c1c75788724ea2eac23c85c2c37) Importer(815301076,1909f56bfc062723c751e8b465ee728b)
Start importing Assets/Off Axis Studios/Polyworks/Prefabs/MaterialsOnly/Statues/Prop_Statue_Aphrodite_02.prefab using Guid(58d34c1c75788724ea2eac23c85c2c37) Importer(815301076,1909f56bfc062723c751e8b465ee728b)  -> (artifact id: 'ffae933222902489d883b1e19c01a70b') in 0.027282 seconds 
========================================================================
Received Import Request.
  Time since last request: 0.000023 seconds.
  path: Assets/Off Axis Studios/Polyworks/Prefabs/MaterialsOnly/Statues/Prop_Statue_Head_Tribal_01.prefab
  artifactKey: Guid(715ce1b3ab4cc4f4ba907c5f4f0d2b4a) Importer(815301076,1909f56bfc062723c751e8b465ee728b)
Start importing Assets/Off Axis Studios/Polyworks/Prefabs/MaterialsOnly/Statues/Prop_Statue_Head_Tribal_01.prefab using Guid(715ce1b3ab4cc4f4ba907c5f4f0d2b4a) Importer(815301076,1909f56bfc062723c751e8b465ee728b)  -> (artifact id: 'f2dea639f64b603d0b3c274f924d576a') in 0.034951 seconds 
========================================================================
Received Import Request.
  Time since last request: 0.442289 seconds.
  path: Assets/Off Axis Studios/Polyworks/Prefabs/MaterialsOnly/Vegetation/Vegetation_Cactus_04.prefab
  artifactKey: Guid(cb6611c91c090624aa2feda9e3bfc975) Importer(815301076,1909f56bfc062723c751e8b465ee728b)
Start importing Assets/Off Axis Studios/Polyworks/Prefabs/MaterialsOnly/Vegetation/Vegetation_Cactus_04.prefab using Guid(cb6611c91c090624aa2feda9e3bfc975) Importer(815301076,1909f56bfc062723c751e8b465ee728b)  -> (artifact id: '927dfdf36ac5d0bc178997f3dd9b536f') in 0.029491 seconds 
========================================================================
Received Import Request.
  Time since last request: 0.000016 seconds.
  path: Assets/Off Axis Studios/Polyworks/Prefabs/MaterialsOnly/Vegetation/Vegetation_Cactus_15.prefab
  artifactKey: Guid(2612871407f4183499edfe093637f509) Importer(815301076,1909f56bfc062723c751e8b465ee728b)
Start importing Assets/Off Axis Studios/Polyworks/Prefabs/MaterialsOnly/Vegetation/Vegetation_Cactus_15.prefab using Guid(2612871407f4183499edfe093637f509) Importer(815301076,1909f56bfc062723c751e8b465ee728b)  -> (artifact id: '892455813290b6813a710d9dea023025') in 0.022954 seconds 
========================================================================
Received Import Request.
  Time since last request: 0.000022 seconds.
  path: Assets/Off Axis Studios/Polyworks/Prefabs/MaterialsOnly/Vegetation/Vegetation_Flower_Sunflower_04.prefab
  artifactKey: Guid(4cd7a274ff1cd774587f1fe5f4d54aad) Importer(815301076,1909f56bfc062723c751e8b465ee728b)
Start importing Assets/Off Axis Studios/Polyworks/Prefabs/MaterialsOnly/Vegetation/Vegetation_Flower_Sunflower_04.prefab using Guid(4cd7a274ff1cd774587f1fe5f4d54aad) Importer(815301076,1909f56bfc062723c751e8b465ee728b)  -> (artifact id: '02a95bfcd11584d3137ae52eacb1b787') in 0.039059 seconds 
========================================================================
Received Import Request.
  Time since last request: 0.000020 seconds.
  path: Assets/Off Axis Studios/Polyworks/Prefabs/MaterialsOnly/Vegetation/Vegetation_Flower_Daisy_01.prefab
  artifactKey: Guid(6acb697a57c98544686c20999dc3d783) Importer(815301076,1909f56bfc062723c751e8b465ee728b)
Start importing Assets/Off Axis Studios/Polyworks/Prefabs/MaterialsOnly/Vegetation/Vegetation_Flower_Daisy_01.prefab using Guid(6acb697a57c98544686c20999dc3d783) Importer(815301076,1909f56bfc062723c751e8b465ee728b)  -> (artifact id: 'a8e9750dabe61a3e71c4876f66b534df') in 0.049758 seconds 
========================================================================
Received Import Request.
  Time since last request: 0.417985 seconds.
  path: Assets/Off Axis Studios/Polyworks/Prefabs/MaterialsOnly/Fruit & Veg/Prop_Fruit_Banana_01.prefab
  artifactKey: Guid(802027e4fce5b074698d55030eccbca1) Importer(815301076,1909f56bfc062723c751e8b465ee728b)
Start importing Assets/Off Axis Studios/Polyworks/Prefabs/MaterialsOnly/Fruit & Veg/Prop_Fruit_Banana_01.prefab using Guid(802027e4fce5b074698d55030eccbca1) Importer(815301076,1909f56bfc062723c751e8b465ee728b)  -> (artifact id: '63498fa2b89eae7f415a6f6e91900325') in 0.025329 seconds 
========================================================================
Received Import Request.
  Time since last request: 0.000018 seconds.
  path: Assets/Off Axis Studios/Polyworks/Prefabs/MaterialsOnly/Fruit & Veg/Prop_Fruit_Pineapple_01.prefab
  artifactKey: Guid(f5aae253bfd19cb43958fc262f38f147) Importer(815301076,1909f56bfc062723c751e8b465ee728b)
Start importing Assets/Off Axis Studios/Polyworks/Prefabs/MaterialsOnly/Fruit & Veg/Prop_Fruit_Pineapple_01.prefab using Guid(f5aae253bfd19cb43958fc262f38f147) Importer(815301076,1909f56bfc062723c751e8b465ee728b)  -> (artifact id: 'ada10ded208306e76405d52b264a38df') in 0.035710 seconds 
========================================================================
Received Import Request.
  Time since last request: 5.304539 seconds.
  path: Assets/Off Axis Studios/Polyworks/Prefabs/MaterialsOnly/Water Planes/Water_Plane_Circle_Small_01.prefab
  artifactKey: Guid(75eac0ed6e4137541bd5ab77c35d77aa) Importer(815301076,1909f56bfc062723c751e8b465ee728b)
Start importing Assets/Off Axis Studios/Polyworks/Prefabs/MaterialsOnly/Water Planes/Water_Plane_Circle_Small_01.prefab using Guid(75eac0ed6e4137541bd5ab77c35d77aa) Importer(815301076,1909f56bfc062723c751e8b465ee728b)  -> (artifact id: '08ae131b556b722c88f0c8e6f2e3bfe6') in 0.022769 seconds 
========================================================================
Received Import Request.
  Time since last request: 0.000021 seconds.
  path: Assets/Off Axis Studios/Polyworks/Prefabs/MaterialsOnly/Water Planes/Water_Plane_Square_Small_01.prefab
  artifactKey: Guid(ac68e8b70de24784ba7d4c4dfd1e4990) Importer(815301076,1909f56bfc062723c751e8b465ee728b)
Start importing Assets/Off Axis Studios/Polyworks/Prefabs/MaterialsOnly/Water Planes/Water_Plane_Square_Small_01.prefab using Guid(ac68e8b70de24784ba7d4c4dfd1e4990) Importer(815301076,1909f56bfc062723c751e8b465ee728b)  -> (artifact id: '021657e82f1addafe356815223308554') in 0.019740 seconds 
Editor requested this worker to shutdown with reason: Scaling down because of idle timeout
AssetImportWorker is now disconnected from the server
Process exiting
Exiting without the bug reporter. Application will terminate with return code 0